2023/02/07 05:14:29 [notice] 1#1: using the "epoll" event method
2023/02/07 05:14:29 [notice] 1#1: nginx/1.20.2
2023/02/07 05:14:29 [notice] 1#1: built by gcc 10.2.1 20210110 (Debian 10.2.1-6) 
2023/02/07 05:14:29 [notice] 1#1: OS: Linux 5.15.79.1-microsoft-standard-WSL2
2023/02/07 05:14:29 [notice] 1#1: getrlimit(RLIMIT_NOFILE): 1048576:1048576
2023/02/07 05:14:29 [notice] 1#1: start worker processes
2023/02/07 05:14:29 [notice] 1#1: start worker process 30
2023/02/07 05:14:29 [notice] 1#1: start worker process 31
2023/02/07 05:14:29 [notice] 1#1: start worker process 32
2023/02/07 05:14:29 [notice] 1#1: start worker process 33
2023/02/07 05:14:29 [notice] 1#1: start worker process 34
2023/02/07 05:14:29 [notice] 1#1: start worker process 35
2023/02/07 05:14:29 [notice] 1#1: start worker process 36
2023/02/07 05:14:29 [notice] 1#1: start worker process 37
2023/02/07 05:14:29 [notice] 1#1: start worker process 38
2023/02/07 05:14:29 [notice] 1#1: start worker process 39
2023/02/07 05:14:29 [notice] 1#1: start worker process 40
2023/02/07 05:14:29 [notice] 1#1: start worker process 41
2023/02/07 05:15:44 [notice] 1#1: signal 3 (SIGQUIT) received, shutting down
2023/02/07 05:15:44 [notice] 31#31: gracefully shutting down
2023/02/07 05:15:44 [notice] 32#32: gracefully shutting down
2023/02/07 05:15:44 [notice] 32#32: exiting
2023/02/07 05:15:44 [notice] 33#33: gracefully shutting down
2023/02/07 05:15:44 [notice] 33#33: exiting
2023/02/07 05:15:44 [notice] 30#30: gracefully shutting down
2023/02/07 05:15:44 [notice] 35#35: gracefully shutting down
2023/02/07 05:15:44 [notice] 35#35: exiting
2023/02/07 05:15:44 [notice] 36#36: gracefully shutting down
2023/02/07 05:15:44 [notice] 36#36: exiting
2023/02/07 05:15:44 [notice] 34#34: gracefully shutting down
2023/02/07 05:15:44 [notice] 34#34: exiting
2023/02/07 05:15:44 [notice] 37#37: gracefully shutting down
2023/02/07 05:15:44 [notice] 38#38: gracefully shutting down
2023/02/07 05:15:44 [notice] 38#38: exiting
2023/02/07 05:15:44 [notice] 39#39: gracefully shutting down
2023/02/07 05:15:44 [notice] 39#39: exiting
2023/02/07 05:15:44 [notice] 40#40: gracefully shutting down
2023/02/07 05:15:44 [notice] 40#40: exiting
2023/02/07 05:15:44 [notice] 41#41: gracefully shutting down
2023/02/07 05:15:44 [notice] 41#41: exiting
2023/02/07 05:15:44 [notice] 31#31: exiting
2023/02/07 05:15:44 [notice] 32#32: exit
2023/02/07 05:15:44 [notice] 33#33: exit
2023/02/07 05:15:44 [notice] 35#35: exit
2023/02/07 05:15:44 [notice] 36#36: exit
2023/02/07 05:15:44 [notice] 34#34: exit
2023/02/07 05:15:44 [notice] 37#37: exiting
2023/02/07 05:15:44 [notice] 38#38: exit
2023/02/07 05:15:44 [notice] 39#39: exit
2023/02/07 05:15:44 [notice] 40#40: exit
2023/02/07 05:15:44 [notice] 41#41: exit
2023/02/07 05:15:44 [notice] 31#31: exit
2023/02/07 05:15:44 [notice] 37#37: exit
2023/02/07 05:15:44 [notice] 1#1: signal 17 (SIGCHLD) received from 32
2023/02/07 05:15:44 [notice] 1#1: worker process 32 exited with code 0
2023/02/07 05:15:44 [notice] 1#1: signal 29 (SIGIO) received
2023/02/07 05:15:44 [notice] 1#1: signal 17 (SIGCHLD) received from 39
2023/02/07 05:15:44 [notice] 1#1: worker process 35 exited with code 0
2023/02/07 05:15:44 [notice] 1#1: worker process 38 exited with code 0
2023/02/07 05:15:44 [notice] 1#1: worker process 39 exited with code 0
2023/02/07 05:15:44 [notice] 1#1: signal 29 (SIGIO) received
2023/02/07 05:15:44 [notice] 1#1: signal 17 (SIGCHLD) received from 35
2023/02/07 05:15:44 [notice] 1#1: signal 17 (SIGCHLD) received from 36
2023/02/07 05:15:44 [notice] 1#1: worker process 31 exited with code 0
2023/02/07 05:15:44 [notice] 1#1: worker process 33 exited with code 0
2023/02/07 05:15:44 [notice] 1#1: worker process 34 exited with code 0
2023/02/07 05:15:44 [notice] 1#1: worker process 36 exited with code 0
2023/02/07 05:15:44 [notice] 1#1: worker process 37 exited with code 0
2023/02/07 05:15:44 [notice] 1#1: worker process 40 exited with code 0
2023/02/07 05:15:44 [notice] 1#1: worker process 41 exited with code 0
2023/02/07 05:15:44 [notice] 1#1: signal 29 (SIGIO) received
2023/02/07 05:15:44 [notice] 1#1: signal 17 (SIGCHLD) received from 37
2023/02/07 05:28:23 [notice] 1#1: using the "epoll" event method
2023/02/07 05:28:23 [notice] 1#1: nginx/1.20.2
2023/02/07 05:28:23 [notice] 1#1: built by gcc 10.2.1 20210110 (Debian 10.2.1-6) 
2023/02/07 05:28:23 [notice] 1#1: OS: Linux 5.15.79.1-microsoft-standard-WSL2
2023/02/07 05:28:23 [notice] 1#1: getrlimit(RLIMIT_NOFILE): 1048576:1048576
2023/02/07 05:28:23 [notice] 1#1: start worker processes
2023/02/07 05:28:23 [notice] 1#1: start worker process 30
2023/02/07 05:28:23 [notice] 1#1: start worker process 31
2023/02/07 05:28:23 [notice] 1#1: start worker process 32
2023/02/07 05:28:23 [notice] 1#1: start worker process 33
2023/02/07 05:28:23 [notice] 1#1: start worker process 34
2023/02/07 05:28:23 [notice] 1#1: start worker process 35
2023/02/07 05:28:23 [notice] 1#1: start worker process 36
2023/02/07 05:28:23 [notice] 1#1: start worker process 37
2023/02/07 05:28:23 [notice] 1#1: start worker process 38
2023/02/07 05:28:23 [notice] 1#1: start worker process 39
2023/02/07 05:28:23 [notice] 1#1: start worker process 40
2023/02/07 05:28:23 [notice] 1#1: start worker process 41
2023/02/07 05:36:12 [notice] 1#1: signal 3 (SIGQUIT) received, shutting down
2023/02/07 05:36:12 [notice] 31#31: gracefully shutting down
2023/02/07 05:36:12 [notice] 33#33: gracefully shutting down
2023/02/07 05:36:12 [notice] 34#34: gracefully shutting down
2023/02/07 05:36:12 [notice] 34#34: exiting
2023/02/07 05:36:12 [notice] 30#30: gracefully shutting down
2023/02/07 05:36:12 [notice] 30#30: exiting
2023/02/07 05:36:12 [notice] 32#32: gracefully shutting down
2023/02/07 05:36:12 [notice] 32#32: exiting
2023/02/07 05:36:12 [notice] 35#35: gracefully shutting down
2023/02/07 05:36:12 [notice] 38#38: gracefully shutting down
2023/02/07 05:36:12 [notice] 38#38: exiting
2023/02/07 05:36:12 [notice] 40#40: gracefully shutting down
2023/02/07 05:36:12 [notice] 40#40: exiting
2023/02/07 05:36:12 [notice] 36#36: gracefully shutting down
2023/02/07 05:36:12 [notice] 36#36: exiting
2023/02/07 05:36:12 [notice] 41#41: gracefully shutting down
2023/02/07 05:36:12 [notice] 37#37: gracefully shutting down
2023/02/07 05:36:12 [notice] 39#39: gracefully shutting down
2023/02/07 05:36:12 [notice] 39#39: exiting
2023/02/07 05:36:12 [notice] 31#31: exiting
2023/02/07 05:36:12 [notice] 33#33: exiting
2023/02/07 05:36:12 [notice] 33#33: exit
2023/02/07 05:36:12 [notice] 34#34: exit
2023/02/07 05:36:12 [notice] 30#30: exit
2023/02/07 05:36:12 [notice] 32#32: exit
2023/02/07 05:36:12 [notice] 35#35: exiting
2023/02/07 05:36:12 [notice] 35#35: exit
2023/02/07 05:36:12 [notice] 38#38: exit
2023/02/07 05:36:12 [notice] 40#40: exit
2023/02/07 05:36:12 [notice] 36#36: exit
2023/02/07 05:36:12 [notice] 41#41: exiting
2023/02/07 05:36:12 [notice] 37#37: exiting
2023/02/07 05:36:12 [notice] 39#39: exit
2023/02/07 05:36:12 [notice] 31#31: exit
2023/02/07 05:36:12 [notice] 41#41: exit
2023/02/07 05:36:12 [notice] 37#37: exit
2023/02/07 05:36:12 [notice] 1#1: signal 17 (SIGCHLD) received from 33
2023/02/07 05:36:12 [notice] 1#1: worker process 33 exited with code 0
2023/02/07 05:36:12 [notice] 1#1: signal 29 (SIGIO) received
2023/02/07 05:36:12 [notice] 1#1: signal 17 (SIGCHLD) received from 31
2023/02/07 05:36:12 [notice] 1#1: worker process 30 exited with code 0
2023/02/07 05:36:12 [notice] 1#1: worker process 31 exited with code 0
2023/02/07 05:36:12 [notice] 1#1: worker process 32 exited with code 0
2023/02/07 05:36:12 [notice] 1#1: worker process 35 exited with code 0
2023/02/07 05:36:12 [notice] 1#1: worker process 36 exited with code 0
2023/02/07 05:36:12 [notice] 1#1: worker process 38 exited with code 0
2023/02/07 05:36:12 [notice] 1#1: worker process 39 exited with code 0
2023/02/07 05:36:12 [notice] 1#1: worker process 41 exited with code 0
2023/02/07 05:36:12 [notice] 1#1: worker process 34 exited with code 0
2023/02/07 05:36:12 [notice] 1#1: worker process 40 exited with code 0
2023/02/07 05:36:12 [notice] 1#1: signal 29 (SIGIO) received
2023/02/07 05:36:12 [notice] 1#1: signal 17 (SIGCHLD) received from 39
2023/02/07 05:36:12 [notice] 1#1: signal 17 (SIGCHLD) received from 37
2023/02/07 05:36:12 [notice] 1#1: worker process 37 exited with code 0
2023/02/07 05:36:12 [notice] 1#1: exit
2023/02/07 05:40:14 [notice] 1#1: using the "epoll" event method
2023/02/07 05:40:14 [notice] 1#1: nginx/1.20.2
2023/02/07 05:40:14 [notice] 1#1: built by gcc 10.2.1 20210110 (Debian 10.2.1-6) 
2023/02/07 05:40:14 [notice] 1#1: OS: Linux 5.15.79.1-microsoft-standard-WSL2
2023/02/07 05:40:14 [notice] 1#1: getrlimit(RLIMIT_NOFILE): 1048576:1048576
2023/02/07 05:40:14 [notice] 1#1: start worker processes
2023/02/07 05:40:14 [notice] 1#1: start worker process 30
2023/02/07 05:40:14 [notice] 1#1: start worker process 31
2023/02/07 05:40:14 [notice] 1#1: start worker process 32
2023/02/07 05:40:14 [notice] 1#1: start worker process 33
2023/02/07 05:40:14 [notice] 1#1: start worker process 34
2023/02/07 05:40:14 [notice] 1#1: start worker process 35
2023/02/07 05:40:14 [notice] 1#1: start worker process 36
2023/02/07 05:40:14 [notice] 1#1: start worker process 37
2023/02/07 05:40:14 [notice] 1#1: start worker process 38
2023/02/07 05:40:14 [notice] 1#1: start worker process 39
2023/02/07 05:40:14 [notice] 1#1: start worker process 40
2023/02/07 05:40:14 [notice] 1#1: start worker process 41
2023/02/07 06:01:57 [notice] 1#1: signal 3 (SIGQUIT) received, shutting down
2023/02/07 06:01:57 [notice] 33#33: gracefully shutting down
2023/02/07 06:01:57 [notice] 33#33: exiting
2023/02/07 06:01:57 [notice] 30#30: gracefully shutting down
2023/02/07 06:01:57 [notice] 30#30: exiting
2023/02/07 06:01:57 [notice] 34#34: gracefully shutting down
2023/02/07 06:01:57 [notice] 34#34: exiting
2023/02/07 06:01:57 [notice] 36#36: gracefully shutting down
2023/02/07 06:01:57 [notice] 31#31: gracefully shutting down
2023/02/07 06:01:57 [notice] 31#31: exiting
2023/02/07 06:01:57 [notice] 35#35: gracefully shutting down
2023/02/07 06:01:57 [notice] 35#35: exiting
2023/02/07 06:01:57 [notice] 38#38: gracefully shutting down
2023/02/07 06:01:57 [notice] 38#38: exiting
2023/02/07 06:01:57 [notice] 39#39: gracefully shutting down
2023/02/07 06:01:57 [notice] 39#39: exiting
2023/02/07 06:01:57 [notice] 37#37: gracefully shutting down
2023/02/07 06:01:57 [notice] 37#37: exiting
2023/02/07 06:01:57 [notice] 40#40: gracefully shutting down
2023/02/07 06:01:57 [notice] 41#41: gracefully shutting down
2023/02/07 06:01:57 [notice] 41#41: exiting
2023/02/07 06:01:57 [notice] 32#32: gracefully shutting down
2023/02/07 06:01:57 [notice] 33#33: exit
2023/02/07 06:01:57 [notice] 30#30: exit
2023/02/07 06:01:57 [notice] 34#34: exit
2023/02/07 06:01:57 [notice] 36#36: exiting
2023/02/07 06:01:57 [notice] 36#36: exit
2023/02/07 06:01:57 [notice] 31#31: exit
2023/02/07 06:01:57 [notice] 35#35: exit
2023/02/07 06:01:57 [notice] 38#38: exit
2023/02/07 06:01:57 [notice] 39#39: exit
2023/02/07 06:01:57 [notice] 37#37: exit
2023/02/07 06:01:57 [notice] 40#40: exiting
2023/02/07 06:01:57 [notice] 41#41: exit
2023/02/07 06:01:57 [notice] 32#32: exiting
2023/02/07 06:01:57 [notice] 32#32: exit
2023/02/07 06:01:57 [notice] 40#40: exit
2023/02/07 06:01:57 [notice] 1#1: signal 17 (SIGCHLD) received from 34
2023/02/07 06:01:57 [notice] 1#1: worker process 31 exited with code 0
2023/02/07 06:01:57 [notice] 1#1: worker process 32 exited with code 0
2023/02/07 06:01:57 [notice] 1#1: worker process 33 exited with code 0
2023/02/07 06:01:57 [notice] 1#1: worker process 34 exited with code 0
2023/02/07 06:01:57 [notice] 1#1: worker process 35 exited with code 0
2023/02/07 06:01:57 [notice] 1#1: worker process 36 exited with code 0
2023/02/07 06:01:57 [notice] 1#1: worker process 37 exited with code 0
2023/02/07 06:01:57 [notice] 1#1: worker process 39 exited with code 0
2023/02/07 06:01:57 [notice] 1#1: worker process 41 exited with code 0
2023/02/07 06:01:57 [notice] 1#1: signal 29 (SIGIO) received
2023/02/07 06:01:57 [notice] 1#1: signal 17 (SIGCHLD) received from 32
2023/02/07 06:01:57 [notice] 1#1: signal 17 (SIGCHLD) received from 30
2023/02/07 06:01:57 [notice] 1#1: worker process 30 exited with code 0
2023/02/07 06:01:57 [notice] 1#1: signal 29 (SIGIO) received
2023/02/07 06:01:57 [notice] 1#1: signal 17 (SIGCHLD) received from 40
2023/02/07 06:01:57 [notice] 1#1: worker process 38 exited with code 0
2023/02/07 06:01:57 [notice] 1#1: worker process 40 exited with code 0
2023/02/07 06:01:57 [notice] 1#1: exit
2023/02/07 07:16:45 [notice] 1#1: using the "epoll" event method
2023/02/07 07:16:45 [notice] 1#1: nginx/1.20.2
2023/02/07 07:16:45 [notice] 1#1: built by gcc 10.2.1 20210110 (Debian 10.2.1-6) 
2023/02/07 07:16:45 [notice] 1#1: OS: Linux 5.15.79.1-microsoft-standard-WSL2
2023/02/07 07:16:45 [notice] 1#1: getrlimit(RLIMIT_NOFILE): 1048576:1048576
2023/02/07 07:16:45 [notice] 1#1: start worker processes
2023/02/07 07:16:45 [notice] 1#1: start worker process 30
2023/02/07 07:16:45 [notice] 1#1: start worker process 31
2023/02/07 07:16:45 [notice] 1#1: start worker process 32
2023/02/07 07:16:45 [notice] 1#1: start worker process 33
2023/02/07 07:16:45 [notice] 1#1: start worker process 34
2023/02/07 07:16:45 [notice] 1#1: start worker process 35
2023/02/07 07:16:45 [notice] 1#1: start worker process 36
2023/02/07 07:16:45 [notice] 1#1: start worker process 37
2023/02/07 07:16:45 [notice] 1#1: start worker process 38
2023/02/07 07:16:45 [notice] 1#1: start worker process 39
2023/02/07 07:16:45 [notice] 1#1: start worker process 40
2023/02/07 07:16:45 [notice] 1#1: start worker process 41
2023/02/07 07:16:50 [notice] 1#1: signal 3 (SIGQUIT) received, shutting down
2023/02/07 07:16:50 [notice] 30#30: gracefully shutting down
2023/02/07 07:16:50 [notice] 30#30: exiting
2023/02/07 07:16:50 [notice] 31#31: gracefully shutting down
2023/02/07 07:16:50 [notice] 33#33: gracefully shutting down
2023/02/07 07:16:50 [notice] 33#33: exiting
2023/02/07 07:16:50 [notice] 32#32: gracefully shutting down
2023/02/07 07:16:50 [notice] 35#35: gracefully shutting down
2023/02/07 07:16:50 [notice] 34#34: gracefully shutting down
2023/02/07 07:16:50 [notice] 34#34: exiting
2023/02/07 07:16:50 [notice] 36#36: gracefully shutting down
2023/02/07 07:16:50 [notice] 36#36: exiting
2023/02/07 07:16:50 [notice] 37#37: gracefully shutting down
2023/02/07 07:16:50 [notice] 37#37: exiting
2023/02/07 07:16:50 [notice] 38#38: gracefully shutting down
2023/02/07 07:16:50 [notice] 38#38: exiting
2023/02/07 07:16:50 [notice] 39#39: gracefully shutting down
2023/02/07 07:16:50 [notice] 39#39: exiting
2023/02/07 07:16:50 [notice] 40#40: gracefully shutting down
2023/02/07 07:16:50 [notice] 40#40: exiting
2023/02/07 07:16:50 [notice] 41#41: gracefully shutting down
2023/02/07 07:16:50 [notice] 30#30: exit
2023/02/07 07:16:50 [notice] 31#31: exiting
2023/02/07 07:16:50 [notice] 33#33: exit
2023/02/07 07:16:50 [notice] 32#32: exiting
2023/02/07 07:16:50 [notice] 32#32: exit
2023/02/07 07:16:50 [notice] 35#35: exiting
2023/02/07 07:16:50 [notice] 35#35: exit
2023/02/07 07:16:50 [notice] 34#34: exit
2023/02/07 07:16:50 [notice] 36#36: exit
2023/02/07 07:16:50 [notice] 37#37: exit
2023/02/07 07:16:50 [notice] 38#38: exit
2023/02/07 07:16:50 [notice] 39#39: exit
2023/02/07 07:16:50 [notice] 40#40: exit
2023/02/07 07:16:50 [notice] 41#41: exiting
2023/02/07 07:16:50 [notice] 31#31: exit
2023/02/07 07:16:50 [notice] 41#41: exit
2023/02/07 07:16:50 [notice] 1#1: signal 17 (SIGCHLD) received from 32
2023/02/07 07:16:50 [notice] 1#1: worker process 31 exited with code 0
2023/02/07 07:16:50 [notice] 1#1: worker process 32 exited with code 0
2023/02/07 07:16:50 [notice] 1#1: worker process 35 exited with code 0
2023/02/07 07:16:50 [notice] 1#1: worker process 36 exited with code 0
2023/02/07 07:16:50 [notice] 1#1: worker process 38 exited with code 0
2023/02/07 07:16:50 [notice] 1#1: worker process 39 exited with code 0
2023/02/07 07:16:50 [notice] 1#1: worker process 40 exited with code 0
2023/02/07 07:16:50 [notice] 1#1: signal 29 (SIGIO) received
2023/02/07 07:16:50 [notice] 1#1: signal 17 (SIGCHLD) received from 40
2023/02/07 07:16:50 [notice] 1#1: signal 17 (SIGCHLD) received from 41
2023/02/07 07:16:50 [notice] 1#1: worker process 30 exited with code 0
2023/02/07 07:16:50 [notice] 1#1: worker process 41 exited with code 0
2023/02/07 07:16:50 [notice] 1#1: signal 29 (SIGIO) received
2023/02/07 07:16:50 [notice] 1#1: signal 17 (SIGCHLD) received from 34
2023/02/07 07:16:50 [notice] 1#1: worker process 33 exited with code 0
2023/02/07 07:16:50 [notice] 1#1: worker process 34 exited with code 0
2023/02/07 07:16:50 [notice] 1#1: worker process 37 exited with code 0
2023/02/07 07:16:50 [notice] 1#1: exit
2023/02/07 07:17:00 [notice] 1#1: using the "epoll" event method
2023/02/07 07:17:00 [notice] 1#1: nginx/1.20.2
2023/02/07 07:17:00 [notice] 1#1: built by gcc 10.2.1 20210110 (Debian 10.2.1-6) 
2023/02/07 07:17:00 [notice] 1#1: OS: Linux 5.15.79.1-microsoft-standard-WSL2
2023/02/07 07:17:00 [notice] 1#1: getrlimit(RLIMIT_NOFILE): 1048576:1048576
2023/02/07 07:17:00 [notice] 1#1: start worker processes
2023/02/07 07:17:00 [notice] 1#1: start worker process 30
2023/02/07 07:17:00 [notice] 1#1: start worker process 31
2023/02/07 07:17:00 [notice] 1#1: start worker process 32
2023/02/07 07:17:00 [notice] 1#1: start worker process 33
2023/02/07 07:17:00 [notice] 1#1: start worker process 34
2023/02/07 07:17:00 [notice] 1#1: start worker process 35
2023/02/07 07:17:00 [notice] 1#1: start worker process 36
2023/02/07 07:17:00 [notice] 1#1: start worker process 37
2023/02/07 07:17:00 [notice] 1#1: start worker process 38
2023/02/07 07:17:00 [notice] 1#1: start worker process 39
2023/02/07 07:17:00 [notice] 1#1: start worker process 40
2023/02/07 07:17:00 [notice] 1#1: start worker process 41
2023/02/07 07:30:49 [notice] 1#1: signal 3 (SIGQUIT) received, shutting down
2023/02/07 07:30:49 [notice] 30#30: gracefully shutting down
2023/02/07 07:30:49 [notice] 30#30: exiting
2023/02/07 07:30:49 [notice] 31#31: gracefully shutting down
2023/02/07 07:30:49 [notice] 31#31: exiting
2023/02/07 07:30:49 [notice] 33#33: gracefully shutting down
2023/02/07 07:30:49 [notice] 33#33: exiting
2023/02/07 07:30:49 [notice] 34#34: gracefully shutting down
2023/02/07 07:30:49 [notice] 34#34: exiting
2023/02/07 07:30:49 [notice] 32#32: gracefully shutting down
2023/02/07 07:30:49 [notice] 32#32: exiting
2023/02/07 07:30:49 [notice] 35#35: gracefully shutting down
2023/02/07 07:30:49 [notice] 35#35: exiting
2023/02/07 07:30:49 [notice] 36#36: gracefully shutting down
2023/02/07 07:30:49 [notice] 36#36: exiting
2023/02/07 07:30:49 [notice] 37#37: gracefully shutting down
2023/02/07 07:30:49 [notice] 37#37: exiting
2023/02/07 07:30:49 [notice] 39#39: gracefully shutting down
2023/02/07 07:30:49 [notice] 39#39: exiting
2023/02/07 07:30:49 [notice] 38#38: gracefully shutting down
2023/02/07 07:30:49 [notice] 38#38: exiting
2023/02/07 07:30:49 [notice] 40#40: gracefully shutting down
2023/02/07 07:30:49 [notice] 41#41: gracefully shutting down
2023/02/07 07:30:49 [notice] 41#41: exiting
2023/02/07 07:30:49 [notice] 30#30: exit
2023/02/07 07:30:49 [notice] 31#31: exit
2023/02/07 07:30:49 [notice] 33#33: exit
2023/02/07 07:30:49 [notice] 34#34: exit
2023/02/07 07:30:49 [notice] 32#32: exit
2023/02/07 07:30:49 [notice] 35#35: exit
2023/02/07 07:30:49 [notice] 36#36: exit
2023/02/07 07:30:49 [notice] 37#37: exit
2023/02/07 07:30:49 [notice] 39#39: exit
2023/02/07 07:30:49 [notice] 38#38: exit
2023/02/07 07:30:49 [notice] 40#40: exiting
2023/02/07 07:30:49 [notice] 41#41: exit
2023/02/07 07:30:49 [notice] 40#40: exit
2023/02/07 07:30:49 [notice] 1#1: signal 17 (SIGCHLD) received from 33
2023/02/07 07:30:49 [notice] 1#1: worker process 33 exited with code 0
2023/02/07 07:30:49 [notice] 1#1: signal 29 (SIGIO) received
2023/02/07 07:30:49 [notice] 1#1: signal 17 (SIGCHLD) received from 35
2023/02/07 07:30:49 [notice] 1#1: worker process 30 exited with code 0
2023/02/07 07:30:49 [notice] 1#1: worker process 31 exited with code 0
2023/02/07 07:30:49 [notice] 1#1: worker process 34 exited with code 0
2023/02/07 07:30:49 [notice] 1#1: worker process 35 exited with code 0
2023/02/07 07:30:49 [notice] 1#1: worker process 36 exited with code 0
2023/02/07 07:30:49 [notice] 1#1: worker process 37 exited with code 0
2023/02/07 07:30:49 [notice] 1#1: worker process 38 exited with code 0
2023/02/07 07:30:49 [notice] 1#1: worker process 39 exited with code 0
2023/02/07 07:30:49 [notice] 1#1: worker process 41 exited with code 0
2023/02/07 07:30:49 [notice] 1#1: signal 29 (SIGIO) received
2023/02/07 07:30:49 [notice] 1#1: signal 17 (SIGCHLD) received from 39
2023/02/07 07:30:49 [notice] 1#1: signal 17 (SIGCHLD) received from 40
2023/02/07 07:30:49 [notice] 1#1: worker process 32 exited with code 0
2023/02/07 07:30:49 [notice] 1#1: worker process 40 exited with code 0
2023/02/07 07:30:49 [notice] 1#1: exit
2023/02/07 07:31:02 [notice] 1#1: using the "epoll" event method
2023/02/07 07:31:02 [notice] 1#1: nginx/1.20.2
2023/02/07 07:31:02 [notice] 1#1: built by gcc 10.2.1 20210110 (Debian 10.2.1-6) 
2023/02/07 07:31:02 [notice] 1#1: OS: Linux 5.15.79.1-microsoft-standard-WSL2
2023/02/07 07:31:02 [notice] 1#1: getrlimit(RLIMIT_NOFILE): 1048576:1048576
2023/02/07 07:31:02 [notice] 1#1: start worker processes
2023/02/07 07:31:02 [notice] 1#1: start worker process 30
2023/02/07 07:31:02 [notice] 1#1: start worker process 31
2023/02/07 07:31:02 [notice] 1#1: start worker process 32
2023/02/07 07:31:02 [notice] 1#1: start worker process 33
2023/02/07 07:31:02 [notice] 1#1: start worker process 34
2023/02/07 07:31:02 [notice] 1#1: start worker process 35
2023/02/07 07:31:02 [notice] 1#1: start worker process 36
2023/02/07 07:31:02 [notice] 1#1: start worker process 37
2023/02/07 07:31:02 [notice] 1#1: start worker process 38
2023/02/07 07:31:02 [notice] 1#1: start worker process 39
2023/02/07 07:31:02 [notice] 1#1: start worker process 40
2023/02/07 07:31:02 [notice] 1#1: start worker process 41
2023/02/07 07:32:38 [notice] 1#1: signal 3 (SIGQUIT) received, shutting down
2023/02/07 07:32:38 [notice] 30#30: gracefully shutting down
2023/02/07 07:32:38 [notice] 34#34: gracefully shutting down
2023/02/07 07:32:38 [notice] 31#31: gracefully shutting down
2023/02/07 07:32:38 [notice] 35#35: gracefully shutting down
2023/02/07 07:32:38 [notice] 41#41: gracefully shutting down
2023/02/07 07:32:38 [notice] 41#41: exiting
2023/02/07 07:32:38 [notice] 37#37: gracefully shutting down
2023/02/07 07:32:38 [notice] 37#37: exiting
2023/02/07 07:32:38 [notice] 38#38: gracefully shutting down
2023/02/07 07:32:38 [notice] 38#38: exiting
2023/02/07 07:32:38 [notice] 36#36: gracefully shutting down
2023/02/07 07:32:38 [notice] 33#33: gracefully shutting down
2023/02/07 07:32:38 [notice] 33#33: exiting
2023/02/07 07:32:38 [notice] 40#40: gracefully shutting down
2023/02/07 07:32:38 [notice] 32#32: gracefully shutting down
2023/02/07 07:32:38 [notice] 39#39: gracefully shutting down
2023/02/07 07:32:38 [notice] 30#30: exiting
2023/02/07 07:32:38 [notice] 34#34: exiting
2023/02/07 07:32:38 [notice] 30#30: exit
2023/02/07 07:32:38 [notice] 31#31: exiting
2023/02/07 07:32:38 [notice] 35#35: exiting
2023/02/07 07:32:38 [notice] 41#41: exit
2023/02/07 07:32:38 [notice] 37#37: exit
2023/02/07 07:32:38 [notice] 38#38: exit
2023/02/07 07:32:38 [notice] 36#36: exiting
2023/02/07 07:32:38 [notice] 33#33: exit
2023/02/07 07:32:38 [notice] 40#40: exiting
2023/02/07 07:32:38 [notice] 32#32: exiting
2023/02/07 07:32:38 [notice] 39#39: exiting
2023/02/07 07:32:38 [notice] 34#34: exit
2023/02/07 07:32:38 [notice] 31#31: exit
2023/02/07 07:32:38 [notice] 35#35: exit
2023/02/07 07:32:38 [notice] 36#36: exit
2023/02/07 07:32:38 [notice] 40#40: exit
2023/02/07 07:32:38 [notice] 32#32: exit
2023/02/07 07:32:38 [notice] 39#39: exit
2023/02/07 07:32:38 [notice] 1#1: signal 17 (SIGCHLD) received from 36
2023/02/07 07:32:38 [notice] 1#1: worker process 30 exited with code 0
2023/02/07 07:32:38 [notice] 1#1: worker process 31 exited with code 0
2023/02/07 07:32:38 [notice] 1#1: worker process 32 exited with code 0
2023/02/07 07:32:38 [notice] 1#1: worker process 33 exited with code 0
2023/02/07 07:32:38 [notice] 1#1: worker process 34 exited with code 0
2023/02/07 07:32:38 [notice] 1#1: worker process 36 exited with code 0
2023/02/07 07:32:38 [notice] 1#1: worker process 37 exited with code 0
2023/02/07 07:32:38 [notice] 1#1: worker process 40 exited with code 0
2023/02/07 07:32:38 [notice] 1#1: worker process 41 exited with code 0
2023/02/07 07:32:38 [notice] 1#1: signal 29 (SIGIO) received
2023/02/07 07:32:38 [notice] 1#1: signal 17 (SIGCHLD) received from 34
2023/02/07 07:32:38 [notice] 1#1: signal 17 (SIGCHLD) received from 35
2023/02/07 07:32:38 [notice] 1#1: worker process 35 exited with code 0
2023/02/07 07:32:38 [notice] 1#1: signal 29 (SIGIO) received
2023/02/07 07:32:38 [notice] 1#1: signal 17 (SIGCHLD) received from 39
2023/02/07 07:32:38 [notice] 1#1: worker process 39 exited with code 0
2023/02/07 07:32:38 [notice] 1#1: signal 29 (SIGIO) received
2023/02/07 07:32:38 [notice] 1#1: signal 17 (SIGCHLD) received from 38
2023/02/07 07:32:38 [notice] 1#1: worker process 38 exited with code 0
2023/02/07 07:32:38 [notice] 1#1: exit
2023/02/09 03:21:23 [notice] 1#1: using the "epoll" event method
2023/02/09 03:21:23 [notice] 1#1: nginx/1.20.2
2023/02/09 03:21:23 [notice] 1#1: built by gcc 10.2.1 20210110 (Debian 10.2.1-6) 
2023/02/09 03:21:23 [notice] 1#1: OS: Linux 5.15.79.1-microsoft-standard-WSL2
2023/02/09 03:21:23 [notice] 1#1: getrlimit(RLIMIT_NOFILE): 1048576:1048576
2023/02/09 03:21:23 [notice] 1#1: start worker processes
2023/02/09 03:21:23 [notice] 1#1: start worker process 30
2023/02/09 03:21:23 [notice] 1#1: start worker process 31
2023/02/09 03:21:23 [notice] 1#1: start worker process 32
2023/02/09 03:21:23 [notice] 1#1: start worker process 33
2023/02/09 03:21:23 [notice] 1#1: start worker process 34
2023/02/09 03:21:23 [notice] 1#1: start worker process 35
2023/02/09 03:21:23 [notice] 1#1: start worker process 36
2023/02/09 03:21:23 [notice] 1#1: start worker process 37
2023/02/09 03:21:23 [notice] 1#1: start worker process 38
2023/02/09 03:21:23 [notice] 1#1: start worker process 39
2023/02/09 03:21:23 [notice] 1#1: start worker process 40
2023/02/09 03:21:23 [notice] 1#1: start worker process 41
2023/02/09 05:32:56 [notice] 1#1: signal 3 (SIGQUIT) received, shutting down
2023/02/09 05:32:56 [notice] 30#30: gracefully shutting down
2023/02/09 05:32:56 [notice] 30#30: exiting
2023/02/09 05:32:56 [notice] 32#32: gracefully shutting down
2023/02/09 05:32:56 [notice] 34#34: gracefully shutting down
2023/02/09 05:32:56 [notice] 34#34: exiting
2023/02/09 05:32:56 [notice] 36#36: gracefully shutting down
2023/02/09 05:32:56 [notice] 35#35: gracefully shutting down
2023/02/09 05:32:56 [notice] 31#31: gracefully shutting down
2023/02/09 05:32:56 [notice] 37#37: gracefully shutting down
2023/02/09 05:32:56 [notice] 38#38: gracefully shutting down
2023/02/09 05:32:56 [notice] 33#33: gracefully shutting down
2023/02/09 05:32:56 [notice] 33#33: exiting
2023/02/09 05:32:56 [notice] 39#39: gracefully shutting down
2023/02/09 05:32:56 [notice] 40#40: gracefully shutting down
2023/02/09 05:32:56 [notice] 40#40: exiting
2023/02/09 05:32:56 [notice] 41#41: gracefully shutting down
2023/02/09 05:32:56 [notice] 30#30: exit
2023/02/09 05:32:56 [notice] 32#32: exiting
2023/02/09 05:32:56 [notice] 34#34: exit
2023/02/09 05:32:56 [notice] 36#36: exiting
2023/02/09 05:32:56 [notice] 35#35: exiting
2023/02/09 05:32:56 [notice] 31#31: exiting
2023/02/09 05:32:56 [notice] 37#37: exiting
2023/02/09 05:32:56 [notice] 38#38: exiting
2023/02/09 05:32:56 [notice] 33#33: exit
2023/02/09 05:32:56 [notice] 39#39: exiting
2023/02/09 05:32:56 [notice] 40#40: exit
2023/02/09 05:32:56 [notice] 41#41: exiting
2023/02/09 05:32:56 [notice] 32#32: exit
2023/02/09 05:32:56 [notice] 36#36: exit
2023/02/09 05:32:56 [notice] 35#35: exit
2023/02/09 05:32:56 [notice] 31#31: exit
2023/02/09 05:32:56 [notice] 37#37: exit
2023/02/09 05:32:56 [notice] 38#38: exit
2023/02/09 05:32:56 [notice] 39#39: exit
2023/02/09 05:32:56 [notice] 41#41: exit
2023/02/09 05:32:56 [notice] 1#1: signal 17 (SIGCHLD) received from 40
2023/02/09 05:32:56 [notice] 1#1: worker process 33 exited with code 0
2023/02/09 05:32:56 [notice] 1#1: worker process 35 exited with code 0
2023/02/09 05:32:56 [notice] 1#1: worker process 40 exited with code 0
2023/02/09 05:32:56 [notice] 1#1: signal 29 (SIGIO) received
2023/02/09 05:32:56 [notice] 1#1: signal 17 (SIGCHLD) received from 33
2023/02/09 05:32:56 [notice] 1#1: signal 17 (SIGCHLD) received from 34
2023/02/09 05:32:56 [notice] 1#1: worker process 31 exited with code 0
2023/02/09 05:32:56 [notice] 1#1: worker process 34 exited with code 0
2023/02/09 05:32:56 [notice] 1#1: worker process 41 exited with code 0
2023/02/09 05:32:56 [notice] 1#1: signal 29 (SIGIO) received
2023/02/09 05:32:56 [notice] 1#1: signal 17 (SIGCHLD) received from 41
2023/02/09 05:32:56 [notice] 1#1: signal 17 (SIGCHLD) received from 30
2023/02/09 05:32:56 [notice] 1#1: worker process 30 exited with code 0
2023/02/09 05:32:56 [notice] 1#1: worker process 32 exited with code 0
2023/02/09 05:32:56 [notice] 1#1: signal 29 (SIGIO) received
2023/02/09 05:32:56 [notice] 1#1: signal 17 (SIGCHLD) received from 38
2023/02/09 05:32:56 [notice] 1#1: worker process 37 exited with code 0
2023/02/09 05:32:56 [notice] 1#1: worker process 38 exited with code 0
2023/02/09 05:32:56 [notice] 1#1: worker process 39 exited with code 0
2023/02/09 05:32:56 [notice] 1#1: signal 29 (SIGIO) received
2023/02/09 05:32:56 [notice] 1#1: signal 17 (SIGCHLD) received from 37
2023/02/09 05:32:56 [notice] 1#1: signal 17 (SIGCHLD) received from 36
2023/02/09 05:32:56 [notice] 1#1: worker process 36 exited with code 0
2023/02/09 05:32:56 [notice] 1#1: exit
2023/02/09 07:56:00 [notice] 1#1: using the "epoll" event method
2023/02/09 07:56:00 [notice] 1#1: nginx/1.20.2
2023/02/09 07:56:00 [notice] 1#1: built by gcc 10.2.1 20210110 (Debian 10.2.1-6) 
2023/02/09 07:56:00 [notice] 1#1: OS: Linux 5.15.79.1-microsoft-standard-WSL2
2023/02/09 07:56:00 [notice] 1#1: getrlimit(RLIMIT_NOFILE): 1048576:1048576
2023/02/09 07:56:00 [notice] 1#1: start worker processes
2023/02/09 07:56:00 [notice] 1#1: start worker process 30
2023/02/09 07:56:00 [notice] 1#1: start worker process 31
2023/02/09 07:56:00 [notice] 1#1: start worker process 32
2023/02/09 07:56:00 [notice] 1#1: start worker process 33
2023/02/09 07:56:00 [notice] 1#1: start worker process 34
2023/02/09 07:56:00 [notice] 1#1: start worker process 35
2023/02/09 07:56:00 [notice] 1#1: start worker process 36
2023/02/09 07:56:00 [notice] 1#1: start worker process 37
2023/02/09 07:56:00 [notice] 1#1: start worker process 38
2023/02/09 07:56:00 [notice] 1#1: start worker process 39
2023/02/09 07:56:00 [notice] 1#1: start worker process 40
2023/02/09 07:56:00 [notice] 1#1: start worker process 41
2023/02/09 08:20:32 [notice] 1#1: signal 3 (SIGQUIT) received, shutting down
2023/02/09 08:20:32 [notice] 32#32: gracefully shutting down
2023/02/09 08:20:32 [notice] 33#33: gracefully shutting down
2023/02/09 08:20:32 [notice] 30#30: gracefully shutting down
2023/02/09 08:20:32 [notice] 30#30: exiting
2023/02/09 08:20:32 [notice] 34#34: gracefully shutting down
2023/02/09 08:20:32 [notice] 34#34: exiting
2023/02/09 08:20:32 [notice] 35#35: gracefully shutting down
2023/02/09 08:20:32 [notice] 39#39: gracefully shutting down
2023/02/09 08:20:32 [notice] 31#31: gracefully shutting down
2023/02/09 08:20:32 [notice] 41#41: gracefully shutting down
2023/02/09 08:20:32 [notice] 38#38: gracefully shutting down
2023/02/09 08:20:32 [notice] 36#36: gracefully shutting down
2023/02/09 08:20:32 [notice] 36#36: exiting
2023/02/09 08:20:32 [notice] 37#37: gracefully shutting down
2023/02/09 08:20:32 [notice] 37#37: exiting
2023/02/09 08:20:32 [notice] 40#40: gracefully shutting down
2023/02/09 08:20:32 [notice] 32#32: exiting
2023/02/09 08:20:32 [notice] 33#33: exiting
2023/02/09 08:20:32 [notice] 30#30: exit
2023/02/09 08:20:32 [notice] 34#34: exit
2023/02/09 08:20:32 [notice] 35#35: exiting
2023/02/09 08:20:32 [notice] 35#35: exit
2023/02/09 08:20:32 [notice] 39#39: exiting
2023/02/09 08:20:32 [notice] 31#31: exiting
2023/02/09 08:20:32 [notice] 41#41: exiting
2023/02/09 08:20:32 [notice] 38#38: exiting
2023/02/09 08:20:32 [notice] 36#36: exit
2023/02/09 08:20:32 [notice] 37#37: exit
2023/02/09 08:20:32 [notice] 40#40: exiting
2023/02/09 08:20:32 [notice] 32#32: exit
2023/02/09 08:20:32 [notice] 33#33: exit
2023/02/09 08:20:32 [notice] 39#39: exit
2023/02/09 08:20:32 [notice] 31#31: exit
2023/02/09 08:20:32 [notice] 41#41: exit
2023/02/09 08:20:32 [notice] 38#38: exit
2023/02/09 08:20:32 [notice] 40#40: exit
2023/02/09 08:20:32 [notice] 1#1: signal 17 (SIGCHLD) received from 30
2023/02/09 08:20:32 [notice] 1#1: worker process 30 exited with code 0
2023/02/09 08:20:32 [notice] 1#1: signal 29 (SIGIO) received
2023/02/09 08:20:32 [notice] 1#1: signal 17 (SIGCHLD) received from 35
2023/02/09 08:20:32 [notice] 1#1: worker process 33 exited with code 0
2023/02/09 08:20:32 [notice] 1#1: worker process 35 exited with code 0
2023/02/09 08:20:32 [notice] 1#1: worker process 36 exited with code 0
2023/02/09 08:20:32 [notice] 1#1: signal 29 (SIGIO) received
2023/02/09 08:20:32 [notice] 1#1: signal 17 (SIGCHLD) received from 36
2023/02/09 08:20:32 [notice] 1#1: signal 17 (SIGCHLD) received from 38
2023/02/09 08:20:32 [notice] 1#1: worker process 37 exited with code 0
2023/02/09 08:20:32 [notice] 1#1: worker process 38 exited with code 0
2023/02/09 08:20:32 [notice] 1#1: signal 29 (SIGIO) received
2023/02/09 08:20:32 [notice] 1#1: signal 17 (SIGCHLD) received from 34
2023/02/09 08:20:32 [notice] 1#1: worker process 31 exited with code 0
2023/02/09 08:20:32 [notice] 1#1: worker process 32 exited with code 0
2023/02/09 08:20:32 [notice] 1#1: worker process 34 exited with code 0
2023/02/09 08:20:32 [notice] 1#1: worker process 39 exited with code 0
2023/02/09 08:20:32 [notice] 1#1: worker process 40 exited with code 0
2023/02/09 08:20:32 [notice] 1#1: signal 29 (SIGIO) received
2023/02/09 08:20:32 [notice] 1#1: signal 17 (SIGCHLD) received from 41
2023/02/09 08:20:32 [notice] 1#1: worker process 41 exited with code 0
2023/02/09 08:20:32 [notice] 1#1: exit
2023/02/10 08:31:13 [notice] 1#1: using the "epoll" event method
2023/02/10 08:31:13 [notice] 1#1: nginx/1.20.2
2023/02/10 08:31:13 [notice] 1#1: built by gcc 10.2.1 20210110 (Debian 10.2.1-6) 
2023/02/10 08:31:13 [notice] 1#1: OS: Linux 5.15.79.1-microsoft-standard-WSL2
2023/02/10 08:31:13 [notice] 1#1: getrlimit(RLIMIT_NOFILE): 1048576:1048576
2023/02/10 08:31:13 [notice] 1#1: start worker processes
2023/02/10 08:31:13 [notice] 1#1: start worker process 30
2023/02/10 08:31:13 [notice] 1#1: start worker process 31
2023/02/10 08:31:13 [notice] 1#1: start worker process 32
2023/02/10 08:31:13 [notice] 1#1: start worker process 33
2023/02/10 08:31:13 [notice] 1#1: start worker process 34
2023/02/10 08:31:13 [notice] 1#1: start worker process 35
2023/02/10 08:31:13 [notice] 1#1: start worker process 36
2023/02/10 08:31:13 [notice] 1#1: start worker process 37
2023/02/10 08:31:13 [notice] 1#1: start worker process 38
2023/02/10 08:31:13 [notice] 1#1: start worker process 39
2023/02/10 08:31:13 [notice] 1#1: start worker process 40
2023/02/10 08:31:13 [notice] 1#1: start worker process 41
2023/02/10 08:35:25 [notice] 1#1: signal 3 (SIGQUIT) received, shutting down
2023/02/10 08:35:25 [notice] 30#30: gracefully shutting down
2023/02/10 08:35:25 [notice] 31#31: gracefully shutting down
2023/02/10 08:35:25 [notice] 32#32: gracefully shutting down
2023/02/10 08:35:25 [notice] 33#33: gracefully shutting down
2023/02/10 08:35:25 [notice] 35#35: gracefully shutting down
2023/02/10 08:35:25 [notice] 34#34: gracefully shutting down
2023/02/10 08:35:25 [notice] 36#36: gracefully shutting down
2023/02/10 08:35:25 [notice] 37#37: gracefully shutting down
2023/02/10 08:35:25 [notice] 38#38: gracefully shutting down
2023/02/10 08:35:25 [notice] 38#38: exiting
2023/02/10 08:35:25 [notice] 39#39: gracefully shutting down
2023/02/10 08:35:25 [notice] 40#40: gracefully shutting down
2023/02/10 08:35:25 [notice] 41#41: gracefully shutting down
2023/02/10 08:35:25 [notice] 30#30: exiting
2023/02/10 08:35:25 [notice] 31#31: exiting
2023/02/10 08:35:25 [notice] 32#32: exiting
2023/02/10 08:35:25 [notice] 33#33: exiting
2023/02/10 08:35:25 [notice] 35#35: exiting
2023/02/10 08:35:25 [notice] 34#34: exiting
2023/02/10 08:35:25 [notice] 36#36: exiting
2023/02/10 08:35:25 [notice] 37#37: exiting
2023/02/10 08:35:25 [notice] 38#38: exit
2023/02/10 08:35:25 [notice] 39#39: exiting
2023/02/10 08:35:25 [notice] 40#40: exiting
2023/02/10 08:35:25 [notice] 41#41: exiting
2023/02/10 08:35:25 [notice] 30#30: exit
2023/02/10 08:35:25 [notice] 31#31: exit
2023/02/10 08:35:25 [notice] 32#32: exit
2023/02/10 08:35:25 [notice] 33#33: exit
2023/02/10 08:35:25 [notice] 35#35: exit
2023/02/10 08:35:25 [notice] 34#34: exit
2023/02/10 08:35:25 [notice] 36#36: exit
2023/02/10 08:35:25 [notice] 37#37: exit
2023/02/10 08:35:25 [notice] 39#39: exit
2023/02/10 08:35:25 [notice] 40#40: exit
2023/02/10 08:35:25 [notice] 41#41: exit
2023/02/10 08:35:26 [notice] 1#1: signal 17 (SIGCHLD) received from 37
2023/02/10 08:35:26 [notice] 1#1: worker process 30 exited with code 0
2023/02/10 08:35:26 [notice] 1#1: worker process 36 exited with code 0
2023/02/10 08:35:26 [notice] 1#1: worker process 37 exited with code 0
2023/02/10 08:35:26 [notice] 1#1: worker process 39 exited with code 0
2023/02/10 08:35:26 [notice] 1#1: signal 29 (SIGIO) received
2023/02/10 08:35:26 [notice] 1#1: signal 17 (SIGCHLD) received from 38
2023/02/10 08:35:26 [notice] 1#1: worker process 31 exited with code 0
2023/02/10 08:35:26 [notice] 1#1: worker process 33 exited with code 0
2023/02/10 08:35:26 [notice] 1#1: worker process 35 exited with code 0
2023/02/10 08:35:26 [notice] 1#1: worker process 38 exited with code 0
2023/02/10 08:35:26 [notice] 1#1: worker process 40 exited with code 0
2023/02/10 08:35:26 [notice] 1#1: worker process 41 exited with code 0
2023/02/10 08:35:26 [notice] 1#1: signal 29 (SIGIO) received
2023/02/10 08:35:26 [notice] 1#1: signal 17 (SIGCHLD) received from 41
2023/02/10 08:35:26 [notice] 1#1: signal 17 (SIGCHLD) received from 32
2023/02/10 08:35:26 [notice] 1#1: worker process 32 exited with code 0
2023/02/10 08:35:26 [notice] 1#1: worker process 34 exited with code 0
2023/02/10 08:35:26 [notice] 1#1: exit
2023/02/10 08:35:37 [notice] 1#1: using the "epoll" event method
2023/02/10 08:35:37 [notice] 1#1: nginx/1.20.2
2023/02/10 08:35:37 [notice] 1#1: built by gcc 10.2.1 20210110 (Debian 10.2.1-6) 
2023/02/10 08:35:37 [notice] 1#1: OS: Linux 5.15.79.1-microsoft-standard-WSL2
2023/02/10 08:35:37 [notice] 1#1: getrlimit(RLIMIT_NOFILE): 1048576:1048576
2023/02/10 08:35:37 [notice] 1#1: start worker processes
2023/02/10 08:35:37 [notice] 1#1: start worker process 29
2023/02/10 08:35:37 [notice] 1#1: start worker process 30
2023/02/10 08:35:37 [notice] 1#1: start worker process 31
2023/02/10 08:35:37 [notice] 1#1: start worker process 32
2023/02/10 08:35:37 [notice] 1#1: start worker process 33
2023/02/10 08:35:37 [notice] 1#1: start worker process 34
2023/02/10 08:35:37 [notice] 1#1: start worker process 35
2023/02/10 08:35:37 [notice] 1#1: start worker process 36
2023/02/10 08:35:37 [notice] 1#1: start worker process 37
2023/02/10 08:35:37 [notice] 1#1: start worker process 38
2023/02/10 08:35:37 [notice] 1#1: start worker process 39
2023/02/10 08:35:37 [notice] 1#1: start worker process 40
2023/02/10 08:47:03 [notice] 1#1: signal 3 (SIGQUIT) received, shutting down
2023/02/10 08:47:03 [notice] 29#29: gracefully shutting down
2023/02/10 08:47:03 [notice] 31#31: gracefully shutting down
2023/02/10 08:47:03 [notice] 31#31: exiting
2023/02/10 08:47:03 [notice] 34#34: gracefully shutting down
2023/02/10 08:47:03 [notice] 38#38: gracefully shutting down
2023/02/10 08:47:03 [notice] 36#36: gracefully shutting down
2023/02/10 08:47:03 [notice] 32#32: gracefully shutting down
2023/02/10 08:47:03 [notice] 39#39: gracefully shutting down
2023/02/10 08:47:03 [notice] 35#35: gracefully shutting down
2023/02/10 08:47:03 [notice] 33#33: gracefully shutting down
2023/02/10 08:47:03 [notice] 40#40: gracefully shutting down
2023/02/10 08:47:03 [notice] 30#30: gracefully shutting down
2023/02/10 08:47:03 [notice] 30#30: exiting
2023/02/10 08:47:03 [notice] 37#37: gracefully shutting down
2023/02/10 08:47:03 [notice] 37#37: exiting
2023/02/10 08:47:03 [notice] 29#29: exiting
2023/02/10 08:47:03 [notice] 31#31: exit
2023/02/10 08:47:03 [notice] 34#34: exiting
2023/02/10 08:47:03 [notice] 38#38: exiting
2023/02/10 08:47:03 [notice] 36#36: exiting
2023/02/10 08:47:03 [notice] 32#32: exiting
2023/02/10 08:47:03 [notice] 39#39: exiting
2023/02/10 08:47:03 [notice] 35#35: exiting
2023/02/10 08:47:03 [notice] 33#33: exiting
2023/02/10 08:47:03 [notice] 40#40: exiting
2023/02/10 08:47:03 [notice] 30#30: exit
2023/02/10 08:47:03 [notice] 37#37: exit
2023/02/10 08:47:03 [notice] 29#29: exit
2023/02/10 08:47:03 [notice] 34#34: exit
2023/02/10 08:47:03 [notice] 38#38: exit
2023/02/10 08:47:03 [notice] 36#36: exit
2023/02/10 08:47:03 [notice] 32#32: exit
2023/02/10 08:47:03 [notice] 39#39: exit
2023/02/10 08:47:03 [notice] 35#35: exit
2023/02/10 08:47:03 [notice] 33#33: exit
2023/02/10 08:47:03 [notice] 40#40: exit
2023/02/10 08:47:03 [notice] 1#1: signal 17 (SIGCHLD) received from 32
2023/02/10 08:47:03 [notice] 1#1: worker process 32 exited with code 0
2023/02/10 08:47:03 [notice] 1#1: worker process 37 exited with code 0
2023/02/10 08:47:03 [notice] 1#1: signal 29 (SIGIO) received
2023/02/10 08:47:03 [notice] 1#1: signal 17 (SIGCHLD) received from 34
2023/02/10 08:47:03 [notice] 1#1: worker process 34 exited with code 0
2023/02/10 08:47:03 [notice] 1#1: signal 29 (SIGIO) received
2023/02/10 08:47:03 [notice] 1#1: signal 17 (SIGCHLD) received from 30
2023/02/10 08:47:03 [notice] 1#1: worker process 30 exited with code 0
2023/02/10 08:47:03 [notice] 1#1: worker process 31 exited with code 0
2023/02/10 08:47:03 [notice] 1#1: worker process 36 exited with code 0
2023/02/10 08:47:03 [notice] 1#1: signal 29 (SIGIO) received
2023/02/10 08:47:03 [notice] 1#1: signal 17 (SIGCHLD) received from 36
2023/02/10 08:47:03 [notice] 1#1: signal 17 (SIGCHLD) received from 29
2023/02/10 08:47:03 [notice] 1#1: worker process 29 exited with code 0
2023/02/10 08:47:03 [notice] 1#1: worker process 39 exited with code 0
2023/02/10 08:47:03 [notice] 1#1: worker process 40 exited with code 0
2023/02/10 08:47:03 [notice] 1#1: signal 29 (SIGIO) received
2023/02/10 08:47:03 [notice] 1#1: signal 17 (SIGCHLD) received from 40
2023/02/10 08:47:03 [notice] 1#1: signal 17 (SIGCHLD) received from 35
2023/02/10 08:47:03 [notice] 1#1: worker process 35 exited with code 0
2023/02/10 08:47:03 [notice] 1#1: signal 29 (SIGIO) received
2023/02/10 08:47:03 [notice] 1#1: signal 17 (SIGCHLD) received from 33
2023/02/10 08:47:03 [notice] 1#1: worker process 33 exited with code 0
2023/02/10 08:47:03 [notice] 1#1: signal 29 (SIGIO) received
2023/02/10 08:47:03 [notice] 1#1: signal 17 (SIGCHLD) received from 38
2023/02/10 08:47:03 [notice] 1#1: worker process 38 exited with code 0
2023/02/10 08:47:03 [notice] 1#1: exit
2023/02/10 10:23:53 [notice] 1#1: using the "epoll" event method
2023/02/10 10:23:53 [notice] 1#1: nginx/1.20.2
2023/02/10 10:23:53 [notice] 1#1: built by gcc 10.2.1 20210110 (Debian 10.2.1-6) 
2023/02/10 10:23:53 [notice] 1#1: OS: Linux 5.15.79.1-microsoft-standard-WSL2
2023/02/10 10:23:53 [notice] 1#1: getrlimit(RLIMIT_NOFILE): 1048576:1048576
2023/02/10 10:23:53 [notice] 1#1: start worker processes
2023/02/10 10:23:53 [notice] 1#1: start worker process 30
2023/02/10 10:23:53 [notice] 1#1: start worker process 31
2023/02/10 10:23:53 [notice] 1#1: start worker process 32
2023/02/10 10:23:53 [notice] 1#1: start worker process 33
2023/02/10 10:23:53 [notice] 1#1: start worker process 34
2023/02/10 10:23:53 [notice] 1#1: start worker process 35
2023/02/10 10:23:53 [notice] 1#1: start worker process 36
2023/02/10 10:23:53 [notice] 1#1: start worker process 37
2023/02/10 10:23:53 [notice] 1#1: start worker process 38
2023/02/10 10:23:53 [notice] 1#1: start worker process 39
2023/02/10 10:23:53 [notice] 1#1: start worker process 40
2023/02/10 10:23:53 [notice] 1#1: start worker process 41
2023/02/10 11:01:07 [notice] 1#1: signal 3 (SIGQUIT) received, shutting down
2023/02/10 11:01:07 [notice] 31#31: gracefully shutting down
2023/02/10 11:01:07 [notice] 32#32: gracefully shutting down
2023/02/10 11:01:07 [notice] 33#33: gracefully shutting down
2023/02/10 11:01:07 [notice] 37#37: gracefully shutting down
2023/02/10 11:01:07 [notice] 35#35: gracefully shutting down
2023/02/10 11:01:07 [notice] 30#30: gracefully shutting down
2023/02/10 11:01:07 [notice] 36#36: gracefully shutting down
2023/02/10 11:01:07 [notice] 39#39: gracefully shutting down
2023/02/10 11:01:07 [notice] 41#41: gracefully shutting down
2023/02/10 11:01:07 [notice] 38#38: gracefully shutting down
2023/02/10 11:01:07 [notice] 40#40: gracefully shutting down
2023/02/10 11:01:07 [notice] 34#34: gracefully shutting down
2023/02/10 11:01:07 [notice] 31#31: exiting
2023/02/10 11:01:07 [notice] 32#32: exiting
2023/02/10 11:01:07 [notice] 33#33: exiting
2023/02/10 11:01:07 [notice] 37#37: exiting
2023/02/10 11:01:07 [notice] 35#35: exiting
2023/02/10 11:01:07 [notice] 30#30: exiting
2023/02/10 11:01:07 [notice] 36#36: exiting
2023/02/10 11:01:07 [notice] 39#39: exiting
2023/02/10 11:01:07 [notice] 41#41: exiting
2023/02/10 11:01:07 [notice] 38#38: exiting
2023/02/10 11:01:07 [notice] 40#40: exiting
2023/02/10 11:01:07 [notice] 34#34: exiting
2023/02/10 11:01:07 [notice] 31#31: exit
2023/02/10 11:01:07 [notice] 32#32: exit
2023/02/10 11:01:07 [notice] 33#33: exit
2023/02/10 11:01:07 [notice] 37#37: exit
2023/02/10 11:01:07 [notice] 35#35: exit
2023/02/10 11:01:07 [notice] 30#30: exit
2023/02/10 11:01:07 [notice] 36#36: exit
2023/02/10 11:01:07 [notice] 39#39: exit
2023/02/10 11:01:07 [notice] 41#41: exit
2023/02/10 11:01:07 [notice] 38#38: exit
2023/02/10 11:01:07 [notice] 40#40: exit
2023/02/10 11:01:07 [notice] 34#34: exit
2023/02/10 11:01:07 [notice] 1#1: signal 17 (SIGCHLD) received from 38
2023/02/10 11:01:07 [notice] 1#1: worker process 38 exited with code 0
2023/02/10 11:01:07 [notice] 1#1: worker process 40 exited with code 0
2023/02/10 11:01:07 [notice] 1#1: signal 29 (SIGIO) received
2023/02/10 11:01:07 [notice] 1#1: signal 17 (SIGCHLD) received from 40
2023/02/10 11:01:07 [notice] 1#1: signal 17 (SIGCHLD) received from 35
2023/02/10 11:01:07 [notice] 1#1: worker process 35 exited with code 0
2023/02/10 11:01:07 [notice] 1#1: signal 29 (SIGIO) received
2023/02/10 11:01:07 [notice] 1#1: signal 17 (SIGCHLD) received from 30
2023/02/10 11:01:07 [notice] 1#1: worker process 30 exited with code 0
2023/02/10 11:01:07 [notice] 1#1: worker process 33 exited with code 0
2023/02/10 11:01:07 [notice] 1#1: signal 29 (SIGIO) received
2023/02/10 11:01:07 [notice] 1#1: signal 17 (SIGCHLD) received from 31
2023/02/10 11:01:07 [notice] 1#1: worker process 31 exited with code 0
2023/02/10 11:01:07 [notice] 1#1: worker process 32 exited with code 0
2023/02/10 11:01:07 [notice] 1#1: worker process 37 exited with code 0
2023/02/10 11:01:07 [notice] 1#1: worker process 39 exited with code 0
2023/02/10 11:01:07 [notice] 1#1: worker process 41 exited with code 0
2023/02/10 11:01:07 [notice] 1#1: signal 29 (SIGIO) received
2023/02/10 11:01:07 [notice] 1#1: signal 17 (SIGCHLD) received from 32
2023/02/10 11:01:07 [notice] 1#1: signal 17 (SIGCHLD) received from 34
2023/02/10 11:01:07 [notice] 1#1: worker process 34 exited with code 0
2023/02/10 11:01:07 [notice] 1#1: worker process 36 exited with code 0
2023/02/10 11:01:07 [notice] 1#1: exit
2023/02/10 11:19:10 [notice] 1#1: using the "epoll" event method
2023/02/10 11:19:10 [notice] 1#1: nginx/1.20.2
2023/02/10 11:19:10 [notice] 1#1: built by gcc 10.2.1 20210110 (Debian 10.2.1-6) 
2023/02/10 11:19:10 [notice] 1#1: OS: Linux 5.15.79.1-microsoft-standard-WSL2
2023/02/10 11:19:10 [notice] 1#1: getrlimit(RLIMIT_NOFILE): 1048576:1048576
2023/02/10 11:19:10 [notice] 1#1: start worker processes
2023/02/10 11:19:10 [notice] 1#1: start worker process 30
2023/02/10 11:19:10 [notice] 1#1: start worker process 31
2023/02/10 11:19:10 [notice] 1#1: start worker process 32
2023/02/10 11:19:10 [notice] 1#1: start worker process 33
2023/02/10 11:19:10 [notice] 1#1: start worker process 34
2023/02/10 11:19:10 [notice] 1#1: start worker process 35
2023/02/10 11:19:10 [notice] 1#1: start worker process 36
2023/02/10 11:19:10 [notice] 1#1: start worker process 37
2023/02/10 11:19:10 [notice] 1#1: start worker process 38
2023/02/10 11:19:10 [notice] 1#1: start worker process 39
2023/02/10 11:19:10 [notice] 1#1: start worker process 40
2023/02/10 11:19:10 [notice] 1#1: start worker process 41
2023/02/10 14:23:02 [notice] 1#1: signal 3 (SIGQUIT) received, shutting down
2023/02/10 14:23:02 [notice] 30#30: gracefully shutting down
2023/02/10 14:23:02 [notice] 31#31: gracefully shutting down
2023/02/10 14:23:02 [notice] 33#33: gracefully shutting down
2023/02/10 14:23:02 [notice] 34#34: gracefully shutting down
2023/02/10 14:23:02 [notice] 35#35: gracefully shutting down
2023/02/10 14:23:02 [notice] 37#37: gracefully shutting down
2023/02/10 14:23:02 [notice] 37#37: exiting
2023/02/10 14:23:02 [notice] 36#36: gracefully shutting down
2023/02/10 14:23:02 [notice] 38#38: gracefully shutting down
2023/02/10 14:23:02 [notice] 39#39: gracefully shutting down
2023/02/10 14:23:02 [notice] 40#40: gracefully shutting down
2023/02/10 14:23:02 [notice] 41#41: gracefully shutting down
2023/02/10 14:23:02 [notice] 32#32: gracefully shutting down
2023/02/10 14:23:02 [notice] 30#30: exiting
2023/02/10 14:23:02 [notice] 31#31: exiting
2023/02/10 14:23:02 [notice] 33#33: exiting
2023/02/10 14:23:02 [notice] 34#34: exiting
2023/02/10 14:23:02 [notice] 35#35: exiting
2023/02/10 14:23:02 [notice] 37#37: exit
2023/02/10 14:23:02 [notice] 36#36: exiting
2023/02/10 14:23:02 [notice] 38#38: exiting
2023/02/10 14:23:02 [notice] 39#39: exiting
2023/02/10 14:23:02 [notice] 40#40: exiting
2023/02/10 14:23:02 [notice] 41#41: exiting
2023/02/10 14:23:02 [notice] 32#32: exiting
2023/02/10 14:23:02 [notice] 30#30: exit
2023/02/10 14:23:02 [notice] 31#31: exit
2023/02/10 14:23:02 [notice] 33#33: exit
2023/02/10 14:23:02 [notice] 34#34: exit
2023/02/10 14:23:02 [notice] 35#35: exit
2023/02/10 14:23:02 [notice] 36#36: exit
2023/02/10 14:23:02 [notice] 38#38: exit
2023/02/10 14:23:02 [notice] 39#39: exit
2023/02/10 14:23:02 [notice] 40#40: exit
2023/02/10 14:23:02 [notice] 41#41: exit
2023/02/10 14:23:02 [notice] 32#32: exit
2023/02/10 14:23:03 [notice] 1#1: signal 17 (SIGCHLD) received from 31
2023/02/10 14:23:03 [notice] 1#1: worker process 31 exited with code 0
2023/02/10 14:23:03 [notice] 1#1: signal 29 (SIGIO) received
2023/02/10 14:23:03 [notice] 1#1: signal 17 (SIGCHLD) received from 32
2023/02/10 14:23:03 [notice] 1#1: worker process 32 exited with code 0
2023/02/10 14:23:03 [notice] 1#1: worker process 35 exited with code 0
2023/02/10 14:23:03 [notice] 1#1: worker process 36 exited with code 0
2023/02/10 14:23:03 [notice] 1#1: signal 29 (SIGIO) received
2023/02/10 14:23:03 [notice] 1#1: signal 17 (SIGCHLD) received from 35
2023/02/10 14:23:03 [notice] 1#1: signal 17 (SIGCHLD) received from 38
2023/02/10 14:23:03 [notice] 1#1: worker process 30 exited with code 0
2023/02/10 14:23:03 [notice] 1#1: worker process 34 exited with code 0
2023/02/10 14:23:03 [notice] 1#1: worker process 38 exited with code 0
2023/02/10 14:23:03 [notice] 1#1: worker process 40 exited with code 0
2023/02/10 14:23:03 [notice] 1#1: signal 29 (SIGIO) received
2023/02/10 14:23:03 [notice] 1#1: signal 17 (SIGCHLD) received from 30
2023/02/10 14:23:03 [notice] 1#1: signal 17 (SIGCHLD) received from 39
2023/02/10 14:23:03 [notice] 1#1: worker process 33 exited with code 0
2023/02/10 14:23:03 [notice] 1#1: worker process 37 exited with code 0
2023/02/10 14:23:03 [notice] 1#1: worker process 39 exited with code 0
2023/02/10 14:23:03 [notice] 1#1: worker process 41 exited with code 0
2023/02/10 14:23:03 [notice] 1#1: exit
2023/02/10 14:23:19 [notice] 1#1: using the "epoll" event method
2023/02/10 14:23:19 [notice] 1#1: nginx/1.20.2
2023/02/10 14:23:19 [notice] 1#1: built by gcc 10.2.1 20210110 (Debian 10.2.1-6) 
2023/02/10 14:23:19 [notice] 1#1: OS: Linux 5.15.79.1-microsoft-standard-WSL2
2023/02/10 14:23:19 [notice] 1#1: getrlimit(RLIMIT_NOFILE): 1048576:1048576
2023/02/10 14:23:19 [notice] 1#1: start worker processes
2023/02/10 14:23:19 [notice] 1#1: start worker process 30
2023/02/10 14:23:19 [notice] 1#1: start worker process 31
2023/02/10 14:23:19 [notice] 1#1: start worker process 32
2023/02/10 14:23:19 [notice] 1#1: start worker process 33
2023/02/10 14:23:19 [notice] 1#1: start worker process 34
2023/02/10 14:23:19 [notice] 1#1: start worker process 35
2023/02/10 14:23:19 [notice] 1#1: start worker process 36
2023/02/10 14:23:19 [notice] 1#1: start worker process 37
2023/02/10 14:23:19 [notice] 1#1: start worker process 38
2023/02/10 14:23:19 [notice] 1#1: start worker process 39
2023/02/10 14:23:19 [notice] 1#1: start worker process 40
2023/02/10 14:23:19 [notice] 1#1: start worker process 41
2023/02/10 20:44:52 [notice] 1#1: using the "epoll" event method
2023/02/10 20:44:52 [notice] 1#1: nginx/1.20.2
2023/02/10 20:44:52 [notice] 1#1: built by gcc 10.2.1 20210110 (Debian 10.2.1-6) 
2023/02/10 20:44:52 [notice] 1#1: OS: Linux 5.15.79.1-microsoft-standard-WSL2
2023/02/10 20:44:52 [notice] 1#1: getrlimit(RLIMIT_NOFILE): 1048576:1048576
2023/02/10 20:44:52 [notice] 1#1: start worker processes
2023/02/10 20:44:52 [notice] 1#1: start worker process 30
2023/02/10 20:44:52 [notice] 1#1: start worker process 31
2023/02/10 20:44:52 [notice] 1#1: start worker process 32
2023/02/10 20:44:52 [notice] 1#1: start worker process 33
2023/02/10 20:44:52 [notice] 1#1: start worker process 34
2023/02/10 20:44:52 [notice] 1#1: start worker process 35
2023/02/10 20:44:52 [notice] 1#1: start worker process 36
2023/02/10 20:44:52 [notice] 1#1: start worker process 37
2023/02/10 20:44:52 [notice] 1#1: start worker process 38
2023/02/10 20:44:52 [notice] 1#1: start worker process 39
2023/02/10 20:44:52 [notice] 1#1: start worker process 40
2023/02/10 20:44:52 [notice] 1#1: start worker process 41
2023/02/10 20:53:03 [notice] 1#1: signal 3 (SIGQUIT) received, shutting down
2023/02/10 20:53:03 [notice] 32#32: gracefully shutting down
2023/02/10 20:53:03 [notice] 37#37: gracefully shutting down
2023/02/10 20:53:03 [notice] 37#37: exiting
2023/02/10 20:53:03 [notice] 31#31: gracefully shutting down
2023/02/10 20:53:03 [notice] 30#30: gracefully shutting down
2023/02/10 20:53:03 [notice] 34#34: gracefully shutting down
2023/02/10 20:53:03 [notice] 38#38: gracefully shutting down
2023/02/10 20:53:03 [notice] 38#38: exiting
2023/02/10 20:53:03 [notice] 33#33: gracefully shutting down
2023/02/10 20:53:03 [notice] 33#33: exiting
2023/02/10 20:53:03 [notice] 35#35: gracefully shutting down
2023/02/10 20:53:03 [notice] 35#35: exiting
2023/02/10 20:53:03 [notice] 36#36: gracefully shutting down
2023/02/10 20:53:03 [notice] 39#39: gracefully shutting down
2023/02/10 20:53:03 [notice] 39#39: exiting
2023/02/10 20:53:03 [notice] 40#40: gracefully shutting down
2023/02/10 20:53:03 [notice] 41#41: gracefully shutting down
2023/02/10 20:53:03 [notice] 41#41: exiting
2023/02/10 20:53:03 [notice] 32#32: exiting
2023/02/10 20:53:03 [notice] 37#37: exit
2023/02/10 20:53:03 [notice] 31#31: exiting
2023/02/10 20:53:03 [notice] 30#30: exiting
2023/02/10 20:53:03 [notice] 34#34: exiting
2023/02/10 20:53:03 [notice] 38#38: exit
2023/02/10 20:53:03 [notice] 33#33: exit
2023/02/10 20:53:03 [notice] 35#35: exit
2023/02/10 20:53:03 [notice] 36#36: exiting
2023/02/10 20:53:03 [notice] 39#39: exit
2023/02/10 20:53:03 [notice] 40#40: exiting
2023/02/10 20:53:03 [notice] 41#41: exit
2023/02/10 20:53:03 [notice] 32#32: exit
2023/02/10 20:53:03 [notice] 31#31: exit
2023/02/10 20:53:03 [notice] 30#30: exit
2023/02/10 20:53:03 [notice] 34#34: exit
2023/02/10 20:53:03 [notice] 36#36: exit
2023/02/10 20:53:03 [notice] 40#40: exit
2023/02/10 20:53:04 [notice] 1#1: signal 17 (SIGCHLD) received from 34
2023/02/10 20:53:04 [notice] 1#1: worker process 34 exited with code 0
2023/02/10 20:53:04 [notice] 1#1: signal 29 (SIGIO) received
2023/02/10 20:53:04 [notice] 1#1: signal 17 (SIGCHLD) received from 31
2023/02/10 20:53:04 [notice] 1#1: worker process 30 exited with code 0
2023/02/10 20:53:04 [notice] 1#1: worker process 31 exited with code 0
2023/02/10 20:53:04 [notice] 1#1: worker process 32 exited with code 0
2023/02/10 20:53:04 [notice] 1#1: worker process 35 exited with code 0
2023/02/10 20:53:04 [notice] 1#1: worker process 36 exited with code 0
2023/02/10 20:53:04 [notice] 1#1: worker process 37 exited with code 0
2023/02/10 20:53:04 [notice] 1#1: worker process 38 exited with code 0
2023/02/10 20:53:04 [notice] 1#1: worker process 40 exited with code 0
2023/02/10 20:53:04 [notice] 1#1: worker process 41 exited with code 0
2023/02/10 20:53:04 [notice] 1#1: signal 29 (SIGIO) received
2023/02/10 20:53:04 [notice] 1#1: signal 17 (SIGCHLD) received from 40
2023/02/10 20:53:04 [notice] 1#1: worker process 33 exited with code 0
2023/02/10 20:53:04 [notice] 1#1: signal 29 (SIGIO) received
2023/02/10 20:53:04 [notice] 1#1: signal 17 (SIGCHLD) received from 33
2023/02/10 20:53:04 [notice] 1#1: signal 17 (SIGCHLD) received from 39
2023/02/10 20:53:04 [notice] 1#1: worker process 39 exited with code 0
2023/02/10 20:53:04 [notice] 1#1: exit
2023/02/10 20:53:12 [notice] 1#1: using the "epoll" event method
2023/02/10 20:53:12 [notice] 1#1: nginx/1.20.2
2023/02/10 20:53:12 [notice] 1#1: built by gcc 10.2.1 20210110 (Debian 10.2.1-6) 
2023/02/10 20:53:12 [notice] 1#1: OS: Linux 5.15.79.1-microsoft-standard-WSL2
2023/02/10 20:53:12 [notice] 1#1: getrlimit(RLIMIT_NOFILE): 1048576:1048576
2023/02/10 20:53:12 [notice] 1#1: start worker processes
2023/02/10 20:53:12 [notice] 1#1: start worker process 30
2023/02/10 20:53:12 [notice] 1#1: start worker process 31
2023/02/10 20:53:12 [notice] 1#1: start worker process 32
2023/02/10 20:53:12 [notice] 1#1: start worker process 33
2023/02/10 20:53:12 [notice] 1#1: start worker process 34
2023/02/10 20:53:12 [notice] 1#1: start worker process 35
2023/02/10 20:53:12 [notice] 1#1: start worker process 36
2023/02/10 20:53:12 [notice] 1#1: start worker process 37
2023/02/10 20:53:12 [notice] 1#1: start worker process 38
2023/02/10 20:53:12 [notice] 1#1: start worker process 39
2023/02/10 20:53:12 [notice] 1#1: start worker process 40
2023/02/10 20:53:12 [notice] 1#1: start worker process 41
2023/02/11 08:00:58 [notice] 1#1: signal 3 (SIGQUIT) received, shutting down
2023/02/11 08:00:58 [notice] 30#30: gracefully shutting down
2023/02/11 08:00:58 [notice] 30#30: exiting
2023/02/11 08:00:58 [notice] 35#35: gracefully shutting down
2023/02/11 08:00:58 [notice] 31#31: gracefully shutting down
2023/02/11 08:00:58 [notice] 32#32: gracefully shutting down
2023/02/11 08:00:58 [notice] 32#32: exiting
2023/02/11 08:00:58 [notice] 34#34: gracefully shutting down
2023/02/11 08:00:58 [notice] 34#34: exiting
2023/02/11 08:00:58 [notice] 36#36: gracefully shutting down
2023/02/11 08:00:58 [notice] 36#36: exiting
2023/02/11 08:00:58 [notice] 33#33: gracefully shutting down
2023/02/11 08:00:58 [notice] 33#33: exiting
2023/02/11 08:00:58 [notice] 40#40: gracefully shutting down
2023/02/11 08:00:58 [notice] 40#40: exiting
2023/02/11 08:00:58 [notice] 37#37: gracefully shutting down
2023/02/11 08:00:58 [notice] 38#38: gracefully shutting down
2023/02/11 08:00:58 [notice] 39#39: gracefully shutting down
2023/02/11 08:00:58 [notice] 39#39: exiting
2023/02/11 08:00:58 [notice] 41#41: gracefully shutting down
2023/02/11 08:00:58 [notice] 41#41: exiting
2023/02/11 08:00:58 [notice] 30#30: exit
2023/02/11 08:00:58 [notice] 35#35: exiting
2023/02/11 08:00:58 [notice] 31#31: exiting
2023/02/11 08:00:58 [notice] 32#32: exit
2023/02/11 08:00:58 [notice] 34#34: exit
2023/02/11 08:00:58 [notice] 36#36: exit
2023/02/11 08:00:58 [notice] 33#33: exit
2023/02/11 08:00:58 [notice] 40#40: exit
2023/02/11 08:00:58 [notice] 37#37: exiting
2023/02/11 08:00:58 [notice] 37#37: exit
2023/02/11 08:00:58 [notice] 38#38: exiting
2023/02/11 08:00:58 [notice] 38#38: exit
2023/02/11 08:00:58 [notice] 39#39: exit
2023/02/11 08:00:58 [notice] 41#41: exit
2023/02/11 08:00:58 [notice] 35#35: exit
2023/02/11 08:00:58 [notice] 31#31: exit
2023/02/11 08:00:58 [notice] 1#1: signal 17 (SIGCHLD) received from 40
2023/02/11 08:00:58 [notice] 1#1: worker process 30 exited with code 0
2023/02/11 08:00:58 [notice] 1#1: worker process 31 exited with code 0
2023/02/11 08:00:58 [notice] 1#1: worker process 32 exited with code 0
2023/02/11 08:00:58 [notice] 1#1: worker process 33 exited with code 0
2023/02/11 08:00:58 [notice] 1#1: worker process 34 exited with code 0
2023/02/11 08:00:58 [notice] 1#1: worker process 36 exited with code 0
2023/02/11 08:00:58 [notice] 1#1: worker process 37 exited with code 0
2023/02/11 08:00:58 [notice] 1#1: worker process 39 exited with code 0
2023/02/11 08:00:58 [notice] 1#1: worker process 40 exited with code 0
2023/02/11 08:00:58 [notice] 1#1: worker process 41 exited with code 0
2023/02/11 08:00:58 [notice] 1#1: signal 29 (SIGIO) received
2023/02/11 08:00:58 [notice] 1#1: signal 17 (SIGCHLD) received from 39
2023/02/11 08:00:58 [notice] 1#1: signal 17 (SIGCHLD) received from 38
2023/02/11 08:00:58 [notice] 1#1: worker process 35 exited with code 0
2023/02/11 08:00:58 [notice] 1#1: worker process 38 exited with code 0
2023/02/11 08:00:58 [notice] 1#1: exit
2023/02/11 08:01:11 [notice] 1#1: using the "epoll" event method
2023/02/11 08:01:11 [notice] 1#1: nginx/1.20.2
2023/02/11 08:01:11 [notice] 1#1: built by gcc 10.2.1 20210110 (Debian 10.2.1-6) 
2023/02/11 08:01:11 [notice] 1#1: OS: Linux 5.15.79.1-microsoft-standard-WSL2
2023/02/11 08:01:11 [notice] 1#1: getrlimit(RLIMIT_NOFILE): 1048576:1048576
2023/02/11 08:01:11 [notice] 1#1: start worker processes
2023/02/11 08:01:11 [notice] 1#1: start worker process 30
2023/02/11 08:01:11 [notice] 1#1: start worker process 31
2023/02/11 08:01:11 [notice] 1#1: start worker process 32
2023/02/11 08:01:11 [notice] 1#1: start worker process 33
2023/02/11 08:01:11 [notice] 1#1: start worker process 34
2023/02/11 08:01:11 [notice] 1#1: start worker process 35
2023/02/11 08:01:11 [notice] 1#1: start worker process 36
2023/02/11 08:01:11 [notice] 1#1: start worker process 37
2023/02/11 08:01:11 [notice] 1#1: start worker process 38
2023/02/11 08:01:11 [notice] 1#1: start worker process 39
2023/02/11 08:01:11 [notice] 1#1: start worker process 40
2023/02/11 08:01:11 [notice] 1#1: start worker process 41
2023/02/11 12:31:42 [notice] 1#1: using the "epoll" event method
2023/02/11 12:31:42 [notice] 1#1: nginx/1.20.2
2023/02/11 12:31:42 [notice] 1#1: built by gcc 10.2.1 20210110 (Debian 10.2.1-6) 
2023/02/11 12:31:42 [notice] 1#1: OS: Linux 5.15.79.1-microsoft-standard-WSL2
2023/02/11 12:31:42 [notice] 1#1: getrlimit(RLIMIT_NOFILE): 1048576:1048576
2023/02/11 12:31:42 [notice] 1#1: start worker processes
2023/02/11 12:31:42 [notice] 1#1: start worker process 30
2023/02/11 12:31:42 [notice] 1#1: start worker process 31
2023/02/11 12:31:42 [notice] 1#1: start worker process 32
2023/02/11 12:31:42 [notice] 1#1: start worker process 33
2023/02/11 12:31:42 [notice] 1#1: start worker process 34
2023/02/11 12:31:42 [notice] 1#1: start worker process 35
2023/02/11 12:31:42 [notice] 1#1: start worker process 36
2023/02/11 12:31:42 [notice] 1#1: start worker process 37
2023/02/11 12:31:42 [notice] 1#1: start worker process 38
2023/02/11 12:31:42 [notice] 1#1: start worker process 39
2023/02/11 12:31:42 [notice] 1#1: start worker process 40
2023/02/11 12:31:42 [notice] 1#1: start worker process 41
2023/02/11 13:44:50 [notice] 1#1: signal 3 (SIGQUIT) received, shutting down
2023/02/11 13:44:50 [notice] 31#31: gracefully shutting down
2023/02/11 13:44:50 [notice] 31#31: exiting
2023/02/11 13:44:50 [notice] 34#34: gracefully shutting down
2023/02/11 13:44:50 [notice] 32#32: gracefully shutting down
2023/02/11 13:44:50 [notice] 33#33: gracefully shutting down
2023/02/11 13:44:50 [notice] 33#33: exiting
2023/02/11 13:44:50 [notice] 35#35: gracefully shutting down
2023/02/11 13:44:50 [notice] 35#35: exiting
2023/02/11 13:44:50 [notice] 38#38: gracefully shutting down
2023/02/11 13:44:50 [notice] 37#37: gracefully shutting down
2023/02/11 13:44:50 [notice] 37#37: exiting
2023/02/11 13:44:50 [notice] 40#40: gracefully shutting down
2023/02/11 13:44:50 [notice] 30#30: gracefully shutting down
2023/02/11 13:44:50 [notice] 39#39: gracefully shutting down
2023/02/11 13:44:50 [notice] 39#39: exiting
2023/02/11 13:44:50 [notice] 36#36: gracefully shutting down
2023/02/11 13:44:50 [notice] 41#41: gracefully shutting down
2023/02/11 13:44:50 [notice] 31#31: exit
2023/02/11 13:44:50 [notice] 34#34: exiting
2023/02/11 13:44:50 [notice] 32#32: exiting
2023/02/11 13:44:50 [notice] 33#33: exit
2023/02/11 13:44:50 [notice] 35#35: exit
2023/02/11 13:44:50 [notice] 38#38: exiting
2023/02/11 13:44:50 [notice] 38#38: exit
2023/02/11 13:44:50 [notice] 37#37: exit
2023/02/11 13:44:50 [notice] 40#40: exiting
2023/02/11 13:44:50 [notice] 30#30: exiting
2023/02/11 13:44:50 [notice] 39#39: exit
2023/02/11 13:44:50 [notice] 36#36: exiting
2023/02/11 13:44:50 [notice] 41#41: exiting
2023/02/11 13:44:50 [notice] 34#34: exit
2023/02/11 13:44:50 [notice] 32#32: exit
2023/02/11 13:44:50 [notice] 40#40: exit
2023/02/11 13:44:50 [notice] 30#30: exit
2023/02/11 13:44:50 [notice] 36#36: exit
2023/02/11 13:44:50 [notice] 41#41: exit
2023/02/11 13:44:50 [notice] 1#1: signal 17 (SIGCHLD) received from 37
2023/02/11 13:44:50 [notice] 1#1: worker process 30 exited with code 0
2023/02/11 13:44:50 [notice] 1#1: worker process 31 exited with code 0
2023/02/11 13:44:50 [notice] 1#1: worker process 35 exited with code 0
2023/02/11 13:44:50 [notice] 1#1: worker process 36 exited with code 0
2023/02/11 13:44:50 [notice] 1#1: worker process 37 exited with code 0
2023/02/11 13:44:50 [notice] 1#1: worker process 39 exited with code 0
2023/02/11 13:44:50 [notice] 1#1: worker process 40 exited with code 0
2023/02/11 13:44:50 [notice] 1#1: signal 29 (SIGIO) received
2023/02/11 13:44:50 [notice] 1#1: signal 17 (SIGCHLD) received from 35
2023/02/11 13:44:50 [notice] 1#1: signal 17 (SIGCHLD) received from 34
2023/02/11 13:44:50 [notice] 1#1: worker process 33 exited with code 0
2023/02/11 13:44:50 [notice] 1#1: worker process 34 exited with code 0
2023/02/11 13:44:50 [notice] 1#1: worker process 38 exited with code 0
2023/02/11 13:44:50 [notice] 1#1: signal 29 (SIGIO) received
2023/02/11 13:44:50 [notice] 1#1: signal 17 (SIGCHLD) received from 38
2023/02/11 13:44:50 [notice] 1#1: signal 17 (SIGCHLD) received from 32
2023/02/11 13:44:50 [notice] 1#1: worker process 32 exited with code 0
2023/02/11 13:44:50 [notice] 1#1: signal 29 (SIGIO) received
2023/02/11 13:44:51 [notice] 1#1: signal 17 (SIGCHLD) received from 41
2023/02/11 13:44:51 [notice] 1#1: worker process 41 exited with code 0
2023/02/11 13:44:51 [notice] 1#1: exit
2023/02/11 13:45:01 [notice] 1#1: using the "epoll" event method
2023/02/11 13:45:01 [notice] 1#1: nginx/1.20.2
2023/02/11 13:45:01 [notice] 1#1: built by gcc 10.2.1 20210110 (Debian 10.2.1-6) 
2023/02/11 13:45:01 [notice] 1#1: OS: Linux 5.15.79.1-microsoft-standard-WSL2
2023/02/11 13:45:01 [notice] 1#1: getrlimit(RLIMIT_NOFILE): 1048576:1048576
2023/02/11 13:45:01 [notice] 1#1: start worker processes
2023/02/11 13:45:01 [notice] 1#1: start worker process 30
2023/02/11 13:45:01 [notice] 1#1: start worker process 31
2023/02/11 13:45:01 [notice] 1#1: start worker process 32
2023/02/11 13:45:01 [notice] 1#1: start worker process 33
2023/02/11 13:45:01 [notice] 1#1: start worker process 34
2023/02/11 13:45:01 [notice] 1#1: start worker process 35
2023/02/11 13:45:01 [notice] 1#1: start worker process 36
2023/02/11 13:45:01 [notice] 1#1: start worker process 37
2023/02/11 13:45:01 [notice] 1#1: start worker process 38
2023/02/11 13:45:01 [notice] 1#1: start worker process 39
2023/02/11 13:45:01 [notice] 1#1: start worker process 40
2023/02/11 13:45:01 [notice] 1#1: start worker process 41
2023/02/11 14:09:56 [notice] 1#1: signal 3 (SIGQUIT) received, shutting down
2023/02/11 14:09:56 [notice] 30#30: gracefully shutting down
2023/02/11 14:09:56 [notice] 39#39: gracefully shutting down
2023/02/11 14:09:56 [notice] 33#33: gracefully shutting down
2023/02/11 14:09:56 [notice] 31#31: gracefully shutting down
2023/02/11 14:09:56 [notice] 36#36: gracefully shutting down
2023/02/11 14:09:56 [notice] 41#41: gracefully shutting down
2023/02/11 14:09:56 [notice] 38#38: gracefully shutting down
2023/02/11 14:09:56 [notice] 37#37: gracefully shutting down
2023/02/11 14:09:56 [notice] 32#32: gracefully shutting down
2023/02/11 14:09:56 [notice] 35#35: gracefully shutting down
2023/02/11 14:09:56 [notice] 35#35: exiting
2023/02/11 14:09:56 [notice] 34#34: gracefully shutting down
2023/02/11 14:09:56 [notice] 30#30: exiting
2023/02/11 14:09:56 [notice] 40#40: gracefully shutting down
2023/02/11 14:09:56 [notice] 39#39: exiting
2023/02/11 14:09:56 [notice] 33#33: exiting
2023/02/11 14:09:56 [notice] 31#31: exiting
2023/02/11 14:09:56 [notice] 36#36: exiting
2023/02/11 14:09:56 [notice] 41#41: exiting
2023/02/11 14:09:56 [notice] 38#38: exiting
2023/02/11 14:09:56 [notice] 37#37: exiting
2023/02/11 14:09:56 [notice] 32#32: exiting
2023/02/11 14:09:56 [notice] 35#35: exit
2023/02/11 14:09:56 [notice] 34#34: exiting
2023/02/11 14:09:56 [notice] 30#30: exit
2023/02/11 14:09:56 [notice] 40#40: exiting
2023/02/11 14:09:56 [notice] 39#39: exit
2023/02/11 14:09:56 [notice] 33#33: exit
2023/02/11 14:09:56 [notice] 31#31: exit
2023/02/11 14:09:56 [notice] 36#36: exit
2023/02/11 14:09:56 [notice] 41#41: exit
2023/02/11 14:09:56 [notice] 38#38: exit
2023/02/11 14:09:56 [notice] 37#37: exit
2023/02/11 14:09:56 [notice] 32#32: exit
2023/02/11 14:09:56 [notice] 34#34: exit
2023/02/11 14:09:56 [notice] 40#40: exit
2023/02/11 14:09:57 [notice] 1#1: signal 17 (SIGCHLD) received from 36
2023/02/11 14:09:57 [notice] 1#1: worker process 30 exited with code 0
2023/02/11 14:09:57 [notice] 1#1: worker process 36 exited with code 0
2023/02/11 14:09:57 [notice] 1#1: signal 29 (SIGIO) received
2023/02/11 14:09:57 [notice] 1#1: signal 17 (SIGCHLD) received from 34
2023/02/11 14:09:57 [notice] 1#1: worker process 32 exited with code 0
2023/02/11 14:09:57 [notice] 1#1: worker process 33 exited with code 0
2023/02/11 14:09:57 [notice] 1#1: worker process 34 exited with code 0
2023/02/11 14:09:57 [notice] 1#1: worker process 37 exited with code 0
2023/02/11 14:09:57 [notice] 1#1: worker process 41 exited with code 0
2023/02/11 14:09:57 [notice] 1#1: signal 29 (SIGIO) received
2023/02/11 14:09:57 [notice] 1#1: signal 17 (SIGCHLD) received from 32
2023/02/11 14:09:57 [notice] 1#1: signal 17 (SIGCHLD) received from 40
2023/02/11 14:09:57 [notice] 1#1: worker process 31 exited with code 0
2023/02/11 14:09:57 [notice] 1#1: worker process 35 exited with code 0
2023/02/11 14:09:57 [notice] 1#1: worker process 38 exited with code 0
2023/02/11 14:09:57 [notice] 1#1: worker process 39 exited with code 0
2023/02/11 14:09:57 [notice] 1#1: worker process 40 exited with code 0
2023/02/11 14:09:57 [notice] 1#1: exit
2023/02/12 02:07:47 [notice] 1#1: using the "epoll" event method
2023/02/12 02:07:47 [notice] 1#1: nginx/1.20.2
2023/02/12 02:07:47 [notice] 1#1: built by gcc 10.2.1 20210110 (Debian 10.2.1-6) 
2023/02/12 02:07:47 [notice] 1#1: OS: Linux 5.15.79.1-microsoft-standard-WSL2
2023/02/12 02:07:47 [notice] 1#1: getrlimit(RLIMIT_NOFILE): 1048576:1048576
2023/02/12 02:07:47 [notice] 1#1: start worker processes
2023/02/12 02:07:47 [notice] 1#1: start worker process 29
2023/02/12 02:07:47 [notice] 1#1: start worker process 30
2023/02/12 02:07:47 [notice] 1#1: start worker process 31
2023/02/12 02:07:47 [notice] 1#1: start worker process 32
2023/02/12 02:07:47 [notice] 1#1: start worker process 33
2023/02/12 02:07:47 [notice] 1#1: start worker process 34
2023/02/12 02:07:47 [notice] 1#1: start worker process 35
2023/02/12 02:07:47 [notice] 1#1: start worker process 36
2023/02/12 02:07:47 [notice] 1#1: start worker process 37
2023/02/12 02:07:47 [notice] 1#1: start worker process 38
2023/02/12 02:07:47 [notice] 1#1: start worker process 39
2023/02/12 02:07:47 [notice] 1#1: start worker process 40
2023/02/12 02:31:49 [notice] 1#1: signal 3 (SIGQUIT) received, shutting down
2023/02/12 02:31:49 [notice] 29#29: gracefully shutting down
2023/02/12 02:31:49 [notice] 29#29: exiting
2023/02/12 02:31:49 [notice] 33#33: gracefully shutting down
2023/02/12 02:31:49 [notice] 31#31: gracefully shutting down
2023/02/12 02:31:49 [notice] 32#32: gracefully shutting down
2023/02/12 02:31:49 [notice] 32#32: exiting
2023/02/12 02:31:49 [notice] 34#34: gracefully shutting down
2023/02/12 02:31:49 [notice] 35#35: gracefully shutting down
2023/02/12 02:31:49 [notice] 36#36: gracefully shutting down
2023/02/12 02:31:49 [notice] 36#36: exiting
2023/02/12 02:31:49 [notice] 38#38: gracefully shutting down
2023/02/12 02:31:49 [notice] 37#37: gracefully shutting down
2023/02/12 02:31:49 [notice] 40#40: gracefully shutting down
2023/02/12 02:31:49 [notice] 29#29: exit
2023/02/12 02:31:49 [notice] 30#30: gracefully shutting down
2023/02/12 02:31:49 [notice] 30#30: exiting
2023/02/12 02:31:49 [notice] 33#33: exiting
2023/02/12 02:31:49 [notice] 31#31: exiting
2023/02/12 02:31:49 [notice] 39#39: gracefully shutting down
2023/02/12 02:31:49 [notice] 32#32: exit
2023/02/12 02:31:49 [notice] 34#34: exiting
2023/02/12 02:31:49 [notice] 35#35: exiting
2023/02/12 02:31:49 [notice] 36#36: exit
2023/02/12 02:31:49 [notice] 38#38: exiting
2023/02/12 02:31:49 [notice] 37#37: exiting
2023/02/12 02:31:49 [notice] 40#40: exiting
2023/02/12 02:31:49 [notice] 30#30: exit
2023/02/12 02:31:49 [notice] 33#33: exit
2023/02/12 02:31:49 [notice] 31#31: exit
2023/02/12 02:31:49 [notice] 39#39: exiting
2023/02/12 02:31:49 [notice] 34#34: exit
2023/02/12 02:31:49 [notice] 35#35: exit
2023/02/12 02:31:49 [notice] 38#38: exit
2023/02/12 02:31:49 [notice] 37#37: exit
2023/02/12 02:31:49 [notice] 40#40: exit
2023/02/12 02:31:49 [notice] 39#39: exit
2023/02/12 02:31:50 [notice] 1#1: signal 17 (SIGCHLD) received from 30
2023/02/12 02:31:50 [notice] 1#1: worker process 30 exited with code 0
2023/02/12 02:31:50 [notice] 1#1: signal 29 (SIGIO) received
2023/02/12 02:31:50 [notice] 1#1: signal 17 (SIGCHLD) received from 31
2023/02/12 02:31:50 [notice] 1#1: worker process 31 exited with code 0
2023/02/12 02:31:50 [notice] 1#1: worker process 34 exited with code 0
2023/02/12 02:31:50 [notice] 1#1: worker process 35 exited with code 0
2023/02/12 02:31:50 [notice] 1#1: worker process 37 exited with code 0
2023/02/12 02:31:50 [notice] 1#1: worker process 38 exited with code 0
2023/02/12 02:31:50 [notice] 1#1: worker process 39 exited with code 0
2023/02/12 02:31:50 [notice] 1#1: signal 29 (SIGIO) received
2023/02/12 02:31:50 [notice] 1#1: signal 17 (SIGCHLD) received from 39
2023/02/12 02:31:50 [notice] 1#1: signal 17 (SIGCHLD) received from 33
2023/02/12 02:31:50 [notice] 1#1: worker process 32 exited with code 0
2023/02/12 02:31:50 [notice] 1#1: worker process 33 exited with code 0
2023/02/12 02:31:50 [notice] 1#1: signal 29 (SIGIO) received
2023/02/12 02:31:50 [notice] 1#1: signal 17 (SIGCHLD) received from 36
2023/02/12 02:31:50 [notice] 1#1: worker process 36 exited with code 0
2023/02/12 02:31:50 [notice] 1#1: signal 29 (SIGIO) received
2023/02/12 02:31:50 [notice] 1#1: signal 17 (SIGCHLD) received from 29
2023/02/12 02:31:50 [notice] 1#1: worker process 29 exited with code 0
2023/02/12 02:31:50 [notice] 1#1: worker process 40 exited with code 0
2023/02/12 02:31:50 [notice] 1#1: exit
2023/02/12 02:31:58 [notice] 1#1: using the "epoll" event method
2023/02/12 02:31:58 [notice] 1#1: nginx/1.20.2
2023/02/12 02:31:58 [notice] 1#1: built by gcc 10.2.1 20210110 (Debian 10.2.1-6) 
2023/02/12 02:31:58 [notice] 1#1: OS: Linux 5.15.79.1-microsoft-standard-WSL2
2023/02/12 02:31:58 [notice] 1#1: getrlimit(RLIMIT_NOFILE): 1048576:1048576
2023/02/12 02:31:58 [notice] 1#1: start worker processes
2023/02/12 02:31:58 [notice] 1#1: start worker process 30
2023/02/12 02:31:58 [notice] 1#1: start worker process 31
2023/02/12 02:31:58 [notice] 1#1: start worker process 32
2023/02/12 02:31:58 [notice] 1#1: start worker process 33
2023/02/12 02:31:58 [notice] 1#1: start worker process 34
2023/02/12 02:31:58 [notice] 1#1: start worker process 35
2023/02/12 02:31:58 [notice] 1#1: start worker process 36
2023/02/12 02:31:58 [notice] 1#1: start worker process 37
2023/02/12 02:31:58 [notice] 1#1: start worker process 38
2023/02/12 02:31:58 [notice] 1#1: start worker process 39
2023/02/12 02:31:58 [notice] 1#1: start worker process 40
2023/02/12 02:31:58 [notice] 1#1: start worker process 41
2023/02/12 03:27:07 [notice] 1#1: signal 3 (SIGQUIT) received, shutting down
2023/02/12 03:27:07 [notice] 30#30: gracefully shutting down
2023/02/12 03:27:07 [notice] 38#38: gracefully shutting down
2023/02/12 03:27:07 [notice] 31#31: gracefully shutting down
2023/02/12 03:27:07 [notice] 31#31: exiting
2023/02/12 03:27:07 [notice] 32#32: gracefully shutting down
2023/02/12 03:27:07 [notice] 32#32: exiting
2023/02/12 03:27:07 [notice] 35#35: gracefully shutting down
2023/02/12 03:27:07 [notice] 35#35: exiting
2023/02/12 03:27:07 [notice] 37#37: gracefully shutting down
2023/02/12 03:27:07 [notice] 36#36: gracefully shutting down
2023/02/12 03:27:07 [notice] 30#30: exiting
2023/02/12 03:27:07 [notice] 33#33: gracefully shutting down
2023/02/12 03:27:07 [notice] 39#39: gracefully shutting down
2023/02/12 03:27:07 [notice] 41#41: gracefully shutting down
2023/02/12 03:27:07 [notice] 40#40: gracefully shutting down
2023/02/12 03:27:07 [notice] 34#34: gracefully shutting down
2023/02/12 03:27:07 [notice] 38#38: exiting
2023/02/12 03:27:07 [notice] 31#31: exit
2023/02/12 03:27:07 [notice] 32#32: exit
2023/02/12 03:27:07 [notice] 35#35: exit
2023/02/12 03:27:07 [notice] 37#37: exiting
2023/02/12 03:27:07 [notice] 36#36: exiting
2023/02/12 03:27:07 [notice] 30#30: exit
2023/02/12 03:27:07 [notice] 33#33: exiting
2023/02/12 03:27:07 [notice] 39#39: exiting
2023/02/12 03:27:07 [notice] 41#41: exiting
2023/02/12 03:27:07 [notice] 40#40: exiting
2023/02/12 03:27:07 [notice] 34#34: exiting
2023/02/12 03:27:07 [notice] 38#38: exit
2023/02/12 03:27:07 [notice] 37#37: exit
2023/02/12 03:27:07 [notice] 36#36: exit
2023/02/12 03:27:07 [notice] 33#33: exit
2023/02/12 03:27:07 [notice] 39#39: exit
2023/02/12 03:27:07 [notice] 41#41: exit
2023/02/12 03:27:07 [notice] 40#40: exit
2023/02/12 03:27:07 [notice] 34#34: exit
2023/02/12 03:27:07 [notice] 1#1: signal 17 (SIGCHLD) received from 36
2023/02/12 03:27:07 [notice] 1#1: worker process 36 exited with code 0
2023/02/12 03:27:07 [notice] 1#1: signal 29 (SIGIO) received
2023/02/12 03:27:07 [notice] 1#1: signal 17 (SIGCHLD) received from 30
2023/02/12 03:27:07 [notice] 1#1: worker process 30 exited with code 0
2023/02/12 03:27:07 [notice] 1#1: worker process 32 exited with code 0
2023/02/12 03:27:07 [notice] 1#1: worker process 40 exited with code 0
2023/02/12 03:27:07 [notice] 1#1: signal 29 (SIGIO) received
2023/02/12 03:27:07 [notice] 1#1: signal 17 (SIGCHLD) received from 40
2023/02/12 03:27:07 [notice] 1#1: signal 17 (SIGCHLD) received from 34
2023/02/12 03:27:07 [notice] 1#1: worker process 34 exited with code 0
2023/02/12 03:27:07 [notice] 1#1: worker process 35 exited with code 0
2023/02/12 03:27:07 [notice] 1#1: worker process 38 exited with code 0
2023/02/12 03:27:07 [notice] 1#1: worker process 39 exited with code 0
2023/02/12 03:27:07 [notice] 1#1: signal 29 (SIGIO) received
2023/02/12 03:27:07 [notice] 1#1: signal 17 (SIGCHLD) received from 35
2023/02/12 03:27:07 [notice] 1#1: signal 17 (SIGCHLD) received from 33
2023/02/12 03:27:07 [notice] 1#1: worker process 31 exited with code 0
2023/02/12 03:27:07 [notice] 1#1: worker process 33 exited with code 0
2023/02/12 03:27:07 [notice] 1#1: worker process 37 exited with code 0
2023/02/12 03:27:07 [notice] 1#1: worker process 41 exited with code 0
2023/02/12 03:27:07 [notice] 1#1: exit
2023/02/12 03:39:30 [notice] 1#1: using the "epoll" event method
2023/02/12 03:39:30 [notice] 1#1: nginx/1.20.2
2023/02/12 03:39:30 [notice] 1#1: built by gcc 10.2.1 20210110 (Debian 10.2.1-6) 
2023/02/12 03:39:30 [notice] 1#1: OS: Linux 5.15.79.1-microsoft-standard-WSL2
2023/02/12 03:39:30 [notice] 1#1: getrlimit(RLIMIT_NOFILE): 1048576:1048576
2023/02/12 03:39:30 [notice] 1#1: start worker processes
2023/02/12 03:39:30 [notice] 1#1: start worker process 30
2023/02/12 03:39:30 [notice] 1#1: start worker process 31
2023/02/12 03:39:30 [notice] 1#1: start worker process 32
2023/02/12 03:39:30 [notice] 1#1: start worker process 33
2023/02/12 03:39:30 [notice] 1#1: start worker process 34
2023/02/12 03:39:30 [notice] 1#1: start worker process 35
2023/02/12 03:39:30 [notice] 1#1: start worker process 36
2023/02/12 03:39:30 [notice] 1#1: start worker process 37
2023/02/12 03:39:30 [notice] 1#1: start worker process 38
2023/02/12 03:39:30 [notice] 1#1: start worker process 39
2023/02/12 03:39:30 [notice] 1#1: start worker process 40
2023/02/12 03:39:30 [notice] 1#1: start worker process 41
2023/02/12 05:23:15 [notice] 1#1: signal 3 (SIGQUIT) received, shutting down
2023/02/12 05:23:15 [notice] 30#30: gracefully shutting down
2023/02/12 05:23:15 [notice] 40#40: gracefully shutting down
2023/02/12 05:23:15 [notice] 31#31: gracefully shutting down
2023/02/12 05:23:15 [notice] 32#32: gracefully shutting down
2023/02/12 05:23:15 [notice] 33#33: gracefully shutting down
2023/02/12 05:23:15 [notice] 34#34: gracefully shutting down
2023/02/12 05:23:15 [notice] 35#35: gracefully shutting down
2023/02/12 05:23:15 [notice] 36#36: gracefully shutting down
2023/02/12 05:23:15 [notice] 38#38: gracefully shutting down
2023/02/12 05:23:15 [notice] 37#37: gracefully shutting down
2023/02/12 05:23:15 [notice] 39#39: gracefully shutting down
2023/02/12 05:23:15 [notice] 41#41: gracefully shutting down
2023/02/12 05:23:15 [notice] 30#30: exiting
2023/02/12 05:23:15 [notice] 40#40: exiting
2023/02/12 05:23:15 [notice] 31#31: exiting
2023/02/12 05:23:15 [notice] 32#32: exiting
2023/02/12 05:23:15 [notice] 33#33: exiting
2023/02/12 05:23:15 [notice] 34#34: exiting
2023/02/12 05:23:15 [notice] 35#35: exiting
2023/02/12 05:23:15 [notice] 36#36: exiting
2023/02/12 05:23:15 [notice] 38#38: exiting
2023/02/12 05:23:15 [notice] 37#37: exiting
2023/02/12 05:23:15 [notice] 39#39: exiting
2023/02/12 05:23:15 [notice] 41#41: exiting
2023/02/12 05:23:15 [notice] 30#30: exit
2023/02/12 05:23:15 [notice] 40#40: exit
2023/02/12 05:23:15 [notice] 31#31: exit
2023/02/12 05:23:15 [notice] 32#32: exit
2023/02/12 05:23:15 [notice] 33#33: exit
2023/02/12 05:23:15 [notice] 34#34: exit
2023/02/12 05:23:15 [notice] 35#35: exit
2023/02/12 05:23:15 [notice] 36#36: exit
2023/02/12 05:23:15 [notice] 38#38: exit
2023/02/12 05:23:15 [notice] 37#37: exit
2023/02/12 05:23:15 [notice] 39#39: exit
2023/02/12 05:23:15 [notice] 41#41: exit
2023/02/12 05:23:15 [notice] 1#1: signal 17 (SIGCHLD) received from 36
2023/02/12 05:23:15 [notice] 1#1: worker process 30 exited with code 0
2023/02/12 05:23:15 [notice] 1#1: worker process 33 exited with code 0
2023/02/12 05:23:15 [notice] 1#1: worker process 35 exited with code 0
2023/02/12 05:23:15 [notice] 1#1: worker process 36 exited with code 0
2023/02/12 05:23:15 [notice] 1#1: worker process 39 exited with code 0
2023/02/12 05:23:15 [notice] 1#1: signal 29 (SIGIO) received
2023/02/12 05:23:15 [notice] 1#1: signal 17 (SIGCHLD) received from 35
2023/02/12 05:23:15 [notice] 1#1: signal 17 (SIGCHLD) received from 31
2023/02/12 05:23:15 [notice] 1#1: worker process 31 exited with code 0
2023/02/12 05:23:15 [notice] 1#1: worker process 37 exited with code 0
2023/02/12 05:23:15 [notice] 1#1: worker process 40 exited with code 0
2023/02/12 05:23:15 [notice] 1#1: worker process 41 exited with code 0
2023/02/12 05:23:15 [notice] 1#1: signal 29 (SIGIO) received
2023/02/12 05:23:15 [notice] 1#1: signal 17 (SIGCHLD) received from 40
2023/02/12 05:23:15 [notice] 1#1: signal 17 (SIGCHLD) received from 38
2023/02/12 05:23:15 [notice] 1#1: worker process 38 exited with code 0
2023/02/12 05:23:15 [notice] 1#1: signal 29 (SIGIO) received
2023/02/12 05:23:15 [notice] 1#1: signal 17 (SIGCHLD) received from 34
2023/02/12 05:23:15 [notice] 1#1: worker process 34 exited with code 0
2023/02/12 05:23:15 [notice] 1#1: signal 29 (SIGIO) received
2023/02/12 05:23:15 [notice] 1#1: signal 17 (SIGCHLD) received from 32
2023/02/12 05:23:15 [notice] 1#1: worker process 32 exited with code 0
2023/02/12 05:23:15 [notice] 1#1: exit
2023/02/13 08:35:54 [notice] 1#1: using the "epoll" event method
2023/02/13 08:35:54 [notice] 1#1: nginx/1.20.2
2023/02/13 08:35:54 [notice] 1#1: built by gcc 10.2.1 20210110 (Debian 10.2.1-6) 
2023/02/13 08:35:54 [notice] 1#1: OS: Linux 5.15.79.1-microsoft-standard-WSL2
2023/02/13 08:35:54 [notice] 1#1: getrlimit(RLIMIT_NOFILE): 1048576:1048576
2023/02/13 08:35:54 [notice] 1#1: start worker processes
2023/02/13 08:35:54 [notice] 1#1: start worker process 30
2023/02/13 08:35:54 [notice] 1#1: start worker process 31
2023/02/13 08:35:54 [notice] 1#1: start worker process 32
2023/02/13 08:35:54 [notice] 1#1: start worker process 33
2023/02/13 08:35:54 [notice] 1#1: start worker process 34
2023/02/13 08:35:54 [notice] 1#1: start worker process 35
2023/02/13 08:35:54 [notice] 1#1: start worker process 36
2023/02/13 08:35:54 [notice] 1#1: start worker process 37
2023/02/13 08:35:54 [notice] 1#1: start worker process 38
2023/02/13 08:35:54 [notice] 1#1: start worker process 39
2023/02/13 08:35:54 [notice] 1#1: start worker process 40
2023/02/13 08:35:54 [notice] 1#1: start worker process 41
2023/02/13 09:46:31 [notice] 1#1: signal 3 (SIGQUIT) received, shutting down
2023/02/13 09:46:31 [notice] 30#30: gracefully shutting down
2023/02/13 09:46:31 [notice] 32#32: gracefully shutting down
2023/02/13 09:46:31 [notice] 37#37: gracefully shutting down
2023/02/13 09:46:31 [notice] 35#35: gracefully shutting down
2023/02/13 09:46:31 [notice] 38#38: gracefully shutting down
2023/02/13 09:46:31 [notice] 33#33: gracefully shutting down
2023/02/13 09:46:31 [notice] 40#40: gracefully shutting down
2023/02/13 09:46:31 [notice] 31#31: gracefully shutting down
2023/02/13 09:46:31 [notice] 36#36: gracefully shutting down
2023/02/13 09:46:31 [notice] 30#30: exiting
2023/02/13 09:46:31 [notice] 39#39: gracefully shutting down
2023/02/13 09:46:31 [notice] 34#34: gracefully shutting down
2023/02/13 09:46:31 [notice] 32#32: exiting
2023/02/13 09:46:31 [notice] 41#41: gracefully shutting down
2023/02/13 09:46:31 [notice] 35#35: exiting
2023/02/13 09:46:31 [notice] 37#37: exiting
2023/02/13 09:46:31 [notice] 38#38: exiting
2023/02/13 09:46:31 [notice] 33#33: exiting
2023/02/13 09:46:31 [notice] 31#31: exiting
2023/02/13 09:46:31 [notice] 40#40: exiting
2023/02/13 09:46:31 [notice] 39#39: exiting
2023/02/13 09:46:31 [notice] 34#34: exiting
2023/02/13 09:46:31 [notice] 30#30: exit
2023/02/13 09:46:31 [notice] 36#36: exiting
2023/02/13 09:46:31 [notice] 32#32: exit
2023/02/13 09:46:31 [notice] 41#41: exiting
2023/02/13 09:46:31 [notice] 35#35: exit
2023/02/13 09:46:31 [notice] 37#37: exit
2023/02/13 09:46:31 [notice] 38#38: exit
2023/02/13 09:46:31 [notice] 33#33: exit
2023/02/13 09:46:31 [notice] 31#31: exit
2023/02/13 09:46:31 [notice] 40#40: exit
2023/02/13 09:46:31 [notice] 39#39: exit
2023/02/13 09:46:31 [notice] 34#34: exit
2023/02/13 09:46:31 [notice] 36#36: exit
2023/02/13 09:46:31 [notice] 41#41: exit
2023/02/13 09:46:31 [notice] 1#1: signal 17 (SIGCHLD) received from 35
2023/02/13 09:46:31 [notice] 1#1: worker process 31 exited with code 0
2023/02/13 09:46:31 [notice] 1#1: worker process 33 exited with code 0
2023/02/13 09:46:31 [notice] 1#1: worker process 34 exited with code 0
2023/02/13 09:46:31 [notice] 1#1: worker process 35 exited with code 0
2023/02/13 09:46:31 [notice] 1#1: signal 29 (SIGIO) received
2023/02/13 09:46:31 [notice] 1#1: signal 17 (SIGCHLD) received from 31
2023/02/13 09:46:31 [notice] 1#1: signal 17 (SIGCHLD) received from 30
2023/02/13 09:46:31 [notice] 1#1: worker process 30 exited with code 0
2023/02/13 09:46:31 [notice] 1#1: worker process 32 exited with code 0
2023/02/13 09:46:31 [notice] 1#1: worker process 40 exited with code 0
2023/02/13 09:46:31 [notice] 1#1: signal 29 (SIGIO) received
2023/02/13 09:46:31 [notice] 1#1: signal 17 (SIGCHLD) received from 40
2023/02/13 09:46:31 [notice] 1#1: signal 17 (SIGCHLD) received from 36
2023/02/13 09:46:31 [notice] 1#1: worker process 36 exited with code 0
2023/02/13 09:46:31 [notice] 1#1: signal 29 (SIGIO) received
2023/02/13 09:46:31 [notice] 1#1: signal 17 (SIGCHLD) received from 41
2023/02/13 09:46:31 [notice] 1#1: worker process 37 exited with code 0
2023/02/13 09:46:31 [notice] 1#1: worker process 38 exited with code 0
2023/02/13 09:46:31 [notice] 1#1: worker process 39 exited with code 0
2023/02/13 09:46:31 [notice] 1#1: worker process 41 exited with code 0
2023/02/13 09:46:31 [notice] 1#1: exit
2023/02/13 11:23:09 [notice] 1#1: using the "epoll" event method
2023/02/13 11:23:09 [notice] 1#1: nginx/1.20.2
2023/02/13 11:23:09 [notice] 1#1: built by gcc 10.2.1 20210110 (Debian 10.2.1-6) 
2023/02/13 11:23:09 [notice] 1#1: OS: Linux 5.15.79.1-microsoft-standard-WSL2
2023/02/13 11:23:09 [notice] 1#1: getrlimit(RLIMIT_NOFILE): 1048576:1048576
2023/02/13 11:23:09 [notice] 1#1: start worker processes
2023/02/13 11:23:09 [notice] 1#1: start worker process 30
2023/02/13 11:23:09 [notice] 1#1: start worker process 31
2023/02/13 11:23:09 [notice] 1#1: start worker process 32
2023/02/13 11:23:09 [notice] 1#1: start worker process 33
2023/02/13 11:23:09 [notice] 1#1: start worker process 34
2023/02/13 11:23:09 [notice] 1#1: start worker process 35
2023/02/13 11:23:09 [notice] 1#1: start worker process 36
2023/02/13 11:23:09 [notice] 1#1: start worker process 37
2023/02/13 11:23:09 [notice] 1#1: start worker process 38
2023/02/13 11:23:09 [notice] 1#1: start worker process 39
2023/02/13 11:23:09 [notice] 1#1: start worker process 40
2023/02/13 11:23:09 [notice] 1#1: start worker process 41
2023/02/13 12:14:02 [notice] 1#1: signal 3 (SIGQUIT) received, shutting down
2023/02/13 12:14:02 [notice] 30#30: gracefully shutting down
2023/02/13 12:14:02 [notice] 38#38: gracefully shutting down
2023/02/13 12:14:02 [notice] 33#33: gracefully shutting down
2023/02/13 12:14:02 [notice] 32#32: gracefully shutting down
2023/02/13 12:14:02 [notice] 37#37: gracefully shutting down
2023/02/13 12:14:02 [notice] 36#36: gracefully shutting down
2023/02/13 12:14:02 [notice] 35#35: gracefully shutting down
2023/02/13 12:14:02 [notice] 39#39: gracefully shutting down
2023/02/13 12:14:02 [notice] 35#35: exiting
2023/02/13 12:14:02 [notice] 31#31: gracefully shutting down
2023/02/13 12:14:02 [notice] 40#40: gracefully shutting down
2023/02/13 12:14:02 [notice] 33#33: exiting
2023/02/13 12:14:02 [notice] 38#38: exiting
2023/02/13 12:14:02 [notice] 34#34: gracefully shutting down
2023/02/13 12:14:02 [notice] 40#40: exiting
2023/02/13 12:14:02 [notice] 32#32: exiting
2023/02/13 12:14:02 [notice] 30#30: exiting
2023/02/13 12:14:02 [notice] 41#41: gracefully shutting down
2023/02/13 12:14:02 [notice] 37#37: exiting
2023/02/13 12:14:02 [notice] 36#36: exiting
2023/02/13 12:14:02 [notice] 39#39: exiting
2023/02/13 12:14:02 [notice] 35#35: exit
2023/02/13 12:14:02 [notice] 31#31: exiting
2023/02/13 12:14:02 [notice] 33#33: exit
2023/02/13 12:14:02 [notice] 38#38: exit
2023/02/13 12:14:02 [notice] 34#34: exiting
2023/02/13 12:14:02 [notice] 40#40: exit
2023/02/13 12:14:02 [notice] 32#32: exit
2023/02/13 12:14:02 [notice] 30#30: exit
2023/02/13 12:14:02 [notice] 37#37: exit
2023/02/13 12:14:02 [notice] 36#36: exit
2023/02/13 12:14:02 [notice] 41#41: exiting
2023/02/13 12:14:02 [notice] 39#39: exit
2023/02/13 12:14:02 [notice] 31#31: exit
2023/02/13 12:14:02 [notice] 34#34: exit
2023/02/13 12:14:02 [notice] 41#41: exit
2023/02/13 12:14:02 [notice] 1#1: signal 17 (SIGCHLD) received from 32
2023/02/13 12:14:02 [notice] 1#1: worker process 32 exited with code 0
2023/02/13 12:14:02 [notice] 1#1: signal 29 (SIGIO) received
2023/02/13 12:14:02 [notice] 1#1: signal 17 (SIGCHLD) received from 37
2023/02/13 12:14:02 [notice] 1#1: worker process 30 exited with code 0
2023/02/13 12:14:02 [notice] 1#1: worker process 31 exited with code 0
2023/02/13 12:14:02 [notice] 1#1: worker process 33 exited with code 0
2023/02/13 12:14:02 [notice] 1#1: worker process 37 exited with code 0
2023/02/13 12:14:02 [notice] 1#1: worker process 39 exited with code 0
2023/02/13 12:14:02 [notice] 1#1: worker process 40 exited with code 0
2023/02/13 12:14:02 [notice] 1#1: signal 29 (SIGIO) received
2023/02/13 12:14:02 [notice] 1#1: signal 17 (SIGCHLD) received from 31
2023/02/13 12:14:02 [notice] 1#1: signal 17 (SIGCHLD) received from 41
2023/02/13 12:14:02 [notice] 1#1: worker process 36 exited with code 0
2023/02/13 12:14:02 [notice] 1#1: worker process 38 exited with code 0
2023/02/13 12:14:02 [notice] 1#1: worker process 41 exited with code 0
2023/02/13 12:14:02 [notice] 1#1: signal 29 (SIGIO) received
2023/02/13 12:14:02 [notice] 1#1: signal 17 (SIGCHLD) received from 38
2023/02/13 12:14:02 [notice] 1#1: signal 17 (SIGCHLD) received from 35
2023/02/13 12:14:02 [notice] 1#1: worker process 34 exited with code 0
2023/02/13 12:14:02 [notice] 1#1: worker process 35 exited with code 0
2023/02/13 12:14:02 [notice] 1#1: exit
2023/02/13 12:32:44 [notice] 1#1: using the "epoll" event method
2023/02/13 12:32:44 [notice] 1#1: nginx/1.20.2
2023/02/13 12:32:44 [notice] 1#1: built by gcc 10.2.1 20210110 (Debian 10.2.1-6) 
2023/02/13 12:32:44 [notice] 1#1: OS: Linux 5.15.79.1-microsoft-standard-WSL2
2023/02/13 12:32:44 [notice] 1#1: getrlimit(RLIMIT_NOFILE): 1048576:1048576
2023/02/13 12:32:44 [notice] 1#1: start worker processes
2023/02/13 12:32:44 [notice] 1#1: start worker process 30
2023/02/13 12:32:44 [notice] 1#1: start worker process 31
2023/02/13 12:32:44 [notice] 1#1: start worker process 32
2023/02/13 12:32:44 [notice] 1#1: start worker process 33
2023/02/13 12:32:44 [notice] 1#1: start worker process 34
2023/02/13 12:32:44 [notice] 1#1: start worker process 35
2023/02/13 12:32:44 [notice] 1#1: start worker process 36
2023/02/13 12:32:44 [notice] 1#1: start worker process 37
2023/02/13 12:32:44 [notice] 1#1: start worker process 38
2023/02/13 12:32:44 [notice] 1#1: start worker process 39
2023/02/13 12:32:44 [notice] 1#1: start worker process 40
2023/02/13 12:32:44 [notice] 1#1: start worker process 41
2023/02/13 13:40:01 [notice] 1#1: signal 3 (SIGQUIT) received, shutting down
2023/02/13 13:40:02 [notice] 30#30: gracefully shutting down
2023/02/13 13:40:02 [notice] 34#34: gracefully shutting down
2023/02/13 13:40:02 [notice] 33#33: gracefully shutting down
2023/02/13 13:40:02 [notice] 31#31: gracefully shutting down
2023/02/13 13:40:02 [notice] 41#41: gracefully shutting down
2023/02/13 13:40:02 [notice] 34#34: exiting
2023/02/13 13:40:02 [notice] 37#37: gracefully shutting down
2023/02/13 13:40:02 [notice] 36#36: gracefully shutting down
2023/02/13 13:40:02 [notice] 41#41: exiting
2023/02/13 13:40:02 [notice] 35#35: gracefully shutting down
2023/02/13 13:40:02 [notice] 38#38: gracefully shutting down
2023/02/13 13:40:02 [notice] 40#40: gracefully shutting down
2023/02/13 13:40:02 [notice] 36#36: exiting
2023/02/13 13:40:02 [notice] 39#39: gracefully shutting down
2023/02/13 13:40:02 [notice] 32#32: gracefully shutting down
2023/02/13 13:40:02 [notice] 30#30: exiting
2023/02/13 13:40:02 [notice] 33#33: exiting
2023/02/13 13:40:02 [notice] 31#31: exiting
2023/02/13 13:40:02 [notice] 34#34: exit
2023/02/13 13:40:02 [notice] 41#41: exit
2023/02/13 13:40:02 [notice] 37#37: exiting
2023/02/13 13:40:02 [notice] 35#35: exiting
2023/02/13 13:40:02 [notice] 36#36: exit
2023/02/13 13:40:02 [notice] 35#35: exit
2023/02/13 13:40:02 [notice] 38#38: exiting
2023/02/13 13:40:02 [notice] 40#40: exiting
2023/02/13 13:40:02 [notice] 30#30: exit
2023/02/13 13:40:02 [notice] 32#32: exiting
2023/02/13 13:40:02 [notice] 33#33: exit
2023/02/13 13:40:02 [notice] 32#32: exit
2023/02/13 13:40:02 [notice] 31#31: exit
2023/02/13 13:40:02 [notice] 39#39: exiting
2023/02/13 13:40:02 [notice] 37#37: exit
2023/02/13 13:40:02 [notice] 39#39: exit
2023/02/13 13:40:02 [notice] 38#38: exit
2023/02/13 13:40:02 [notice] 40#40: exit
2023/02/13 13:40:02 [notice] 1#1: signal 17 (SIGCHLD) received from 30
2023/02/13 13:40:02 [notice] 1#1: worker process 30 exited with code 0
2023/02/13 13:40:02 [notice] 1#1: worker process 33 exited with code 0
2023/02/13 13:40:02 [notice] 1#1: worker process 34 exited with code 0
2023/02/13 13:40:02 [notice] 1#1: worker process 35 exited with code 0
2023/02/13 13:40:02 [notice] 1#1: worker process 40 exited with code 0
2023/02/13 13:40:02 [notice] 1#1: worker process 41 exited with code 0
2023/02/13 13:40:02 [notice] 1#1: signal 29 (SIGIO) received
2023/02/13 13:40:02 [notice] 1#1: signal 17 (SIGCHLD) received from 34
2023/02/13 13:40:02 [notice] 1#1: worker process 36 exited with code 0
2023/02/13 13:40:02 [notice] 1#1: signal 29 (SIGIO) received
2023/02/13 13:40:02 [notice] 1#1: signal 17 (SIGCHLD) received from 36
2023/02/13 13:40:02 [notice] 1#1: signal 17 (SIGCHLD) received from 39
2023/02/13 13:40:02 [notice] 1#1: worker process 32 exited with code 0
2023/02/13 13:40:02 [notice] 1#1: worker process 37 exited with code 0
2023/02/13 13:40:02 [notice] 1#1: worker process 38 exited with code 0
2023/02/13 13:40:02 [notice] 1#1: worker process 39 exited with code 0
2023/02/13 13:40:02 [notice] 1#1: worker process 31 exited with code 0
2023/02/13 13:40:02 [notice] 1#1: exit
2023/02/13 16:11:08 [notice] 1#1: using the "epoll" event method
2023/02/13 16:11:08 [notice] 1#1: nginx/1.20.2
2023/02/13 16:11:08 [notice] 1#1: built by gcc 10.2.1 20210110 (Debian 10.2.1-6) 
2023/02/13 16:11:08 [notice] 1#1: OS: Linux 5.15.79.1-microsoft-standard-WSL2
2023/02/13 16:11:08 [notice] 1#1: getrlimit(RLIMIT_NOFILE): 1048576:1048576
